1353819600,70 ,~,26,44 ,~,42,68 ,~,18,42 ,~,33,66 ,~,15,47 ,~,36,66 ,~,18,48 ,~,37,66 ,~,15,,~,42,,~,32,,~,43,,~,30,,~,,
1353474000,68 ,31.2,34,45 ,29.5,57,68 ,~,38,46 ,~,64,71 ,~,39,47 ,~,42,72 ,~,25,49 ,~,37,70 ,~,27,,~,47,,~,30,,~,39,,~,23,,~,,
1353366000,66 ,39.5,58,51 ,37,41,67 ,31.2,57,45 ,29.5,33,68 ,~,60,45 ,~,40,71 ,~,66,46 ,~,40,69 ,~,44,,~,26,,~,46,,~,33,,~,50,,~,25,
1353301200,67 ,50.4,36,48 ,48.9,56,67 ,39.5,42,51 ,37,56,67 ,31.2,33,47 ,29.5,62,69 ,~,42,47 ,~,70,71 ,~,48,,~,50,,~,30,,~,47,,~,28,,~,,
1353214800,65 ,43.1,32,45 ,41.2,55,67 ,50.4,35,47 ,48.9,54,68 ,39.5,41,50 ,37,55,69 ,31.2,33,46 ,29.5,58,70 ,~,38,,~,63,,~,48,,~,60,,~,36,,~,,
1352919600,68 ,37.6,48,49 ,32.4,24,66 ,43.1,47,49 ,41.2,25,63 ,50.4,47,50 ,48.9,26,63 ,39.5,50,47 ,37,28,62 ,31.2,52,,29.5,30,,~,51,,~,39,,~,47,,~,41,
1352869200,76 ,45.7,24,49 ,26.1,45,69 ,37.6,25,51 ,32.4,48,66 ,43.1,25,51 ,41.2,49,66 ,50.4,27,51 ,48.9,52,64 ,39.5,34,,37,55,,31.2,38,,29.5,54,,~,38,,~,,
1352782800,72 ,30.6,21,43 ,26.1,41,75 ,45.7,22,50 ,26.1,41,68 ,37.6,21,48 ,32.4,44,68 ,43.1,20,48 ,41.2,48,66 ,50.4,23,,48.9,50,,39.5,29,,37,51,,31.2,26,,29.5,,
1352696400,68 ,28.8,35,44 ,22.4,37,72 ,30.6,22,48 ,26.1,42,73 ,45.7,24,50 ,26.1,42,68 ,37.6,25,49 ,32.4,47,66 ,43.1,27,,41.2,50,,50.4,27,,48.9,51,,39.5,28,,37,,
1352610000,64 ,36.9,53,42 ,30.3,69,68 ,28.8,39,45 ,22.4,41,71 ,30.6,23,48 ,26.1,43,71 ,45.7,27,49 ,26.1,42,65 ,37.6,24,,32.4,48,,43.1,34,,41.2,52,,50.4,29,,48.9,,
1352523600,61 ,61.3,47,39 ,58.4,66,64 ,36.9,47,46 ,30.3,65,68 ,28.8,43,48 ,22.4,45,70 ,30.6,23,48 ,26.1,40,67 ,45.7,22,,26.1,46,,37.6,29,,32.4,47,,43.1,28,,41.2,,
1352437200,60 ,52.9,32,43 ,51,56,61 ,61.3,42,41 ,58.4,67,64 ,36.9,47,43 ,30.3,67,67 ,28.8,50,47 ,22.4,52,66 ,30.6,28,,26.1,40,,45.7,26,,26.1,48,,37.6,32,,32.4,,
1352314800,63 ,37.5,48,44 ,35.6,32,60 ,52.9,52,44 ,51,30,62 ,61.3,58,39 ,58.4,44,65 ,36.9,65,40 ,30.3,49,67 ,28.8,70,,22.4,45,,30.6,47,,26.1,24,,45.7,40,,26.1,26,
1352264400,71 ,41.9,37,49 ,40.8,46,63 ,37.5,28,45 ,35.6,50,61 ,52.9,29,44 ,51,56,63 ,61.3,38,38 ,58.4,61,66 ,36.9,48,,30.3,71,,28.8,44,,22.4,46,,30.6,31,,26.1,,
1352091600,88 ,39.5,24,53 ,39.2,45,82 ,41.9,23,50 ,40.8,42,72 ,37.5,32,49 ,35.6,48,64 ,52.9,25,46 ,51,53,61 ,61.3,30,,58.4,55,,36.9,42,,30.3,66,,28.8,51,,22.4,,
1351951200,77 ,33.7,50,52 ,29.8,30,82 ,39.5,47,56 ,39.2,25,86 ,41.9,48,53 ,40.8,25,84 ,37.5,45,51 ,35.6,32,73 ,52.9,53,,51,31,,61.3,62,,58.4,33,,36.9,63,,30.3,41,
1351864800,72 ,38.9,53,51 ,35.9,36,77 ,33.7,48,52 ,29.8,29,82 ,39.5,46,54 ,39.2,26,85 ,41.9,47,53 ,40.8,26,85 ,37.5,49,,35.6,32,,52.9,54,,51,33,,61.3,55,,58.4,32,
1351778400,71 ,41.9,52,51 ,32.9,30,73 ,38.9,51,50 ,35.9,31,77 ,33.7,44,52 ,29.8,25,83 ,39.5,47,54 ,39.2,27,85 ,41.9,40,,40.8,21,,37.5,46,,35.6,30,,52.9,51,,51,29,
1351692000,67 ,36.3,48,52 ,29.1,28,70 ,41.9,49,50 ,32.9,28,73 ,38.9,49,50 ,35.9,28,77 ,33.7,38,52 ,29.8,30,82 ,39.5,45,,39.2,32,,41.9,44,,40.8,31,,37.5,42,,35.6,25,
1351605600,76 ,39.5,48,51 ,32.5,36,69 ,36.3,47,52 ,29.1,24,68 ,41.9,48,51 ,32.9,23,73 ,38.9,50,50 ,35.9,35,78 ,33.7,45,,29.8,39,,39.5,45,,39.2,33,,41.9,39,,40.8,27,
1351519200,78 ,40.8,50,51 ,37.3,35,77 ,39.5,47,51 ,32.5,32,71 ,36.3,44,51 ,29.1,26,70 ,41.9,46,50 ,32.9,24,73 ,38.9,48,,35.9,24,,33.7,49,,29.8,34,,39.5,44,,39.2,35,
1351432800,82 ,37.8,47,54 ,35.2,31,77 ,40.8,49,52 ,37.3,32,76 ,39.5,44,51 ,32.5,32,71 ,36.3,43,52 ,29.1,27,70 ,41.9,45,,32.9,25,,38.9,52,,35.9,27,,33.7,52,,29.8,38,
1351346400,79 ,38.8,50,51 ,35.6,33,85 ,37.8,45,52 ,35.2,29,81 ,40.8,48,52 ,37.3,32,77 ,39.5,44,52 ,32.5,34,71 ,36.3,40,,29.1,31,,41.9,48,,32.9,27,,38.9,55,,35.9,34,
1351260000,77 ,39.6,52,51 ,32.9,34,82 ,38.8,52,51 ,35.6,32,83 ,37.8,47,51 ,35.2,26,79 ,40.8,47,52 ,37.3,25,76 ,39.5,44,,32.5,27,,36.3,46,,29.1,29,,41.9,45,,32.9,30,
1351173600,71 ,44.2,80,45 ,34.1,45,78 ,39.6,54,50 ,32.9,33,82 ,38.8,49,51 ,35.6,30,84 ,37.8,43,51 ,35.2,27,79 ,40.8,45,,37.3,26,,39.5,42,,32.5,30,,36.3,40,,29.1,32,
1351087200,69 ,68.6,76,51 ,63.2,59,74 ,44.2,79,47 ,34.1,47,79 ,39.6,54,52 ,32.9,39,81 ,38.8,49,53 ,35.6,33,83 ,37.8,46,,35.2,29,,40.8,43,,37.3,27,,39.5,39,,32.5,25,
1351000800,63 ,62.9,67,51 ,59.9,56,66 ,68.6,73,51 ,63.2,57,70 ,44.2,78,50 ,34.1,47,75 ,39.6,53,51 ,32.9,34,77 ,38.8,50,,35.6,32,,37.8,48,,35.2,29,,40.8,50,,37.3,38,
1350914400,61 ,62.7,67,51 ,61.8,62,61 ,62.9,76,50 ,59.9,59,64 ,68.6,79,51 ,63.2,58,69 ,44.2,79,44 ,34.1,48,72 ,39.6,56,,32.9,36,,38.8,49,,35.6,31,,37.8,47,,35.2,29,
1350828000,69 ,55.3,71,53 ,53.3,56,62 ,62.7,71,52 ,61.8,59,66 ,62.9,77,45 ,59.9,54,68 ,68.6,79,47 ,63.2,62,69 ,44.2,67,,34.1,49,,39.6,51,,32.9,40,,38.8,48,,35.6,31,
1350741600,75 ,40.9,55,51 ,36.3,37,70 ,55.3,65,52 ,53.3,47,66 ,62.7,62,51 ,61.8,55,71 ,62.9,71,51 ,59.9,57,71 ,68.6,76,,63.2,60,,44.2,77,,34.1,51,,39.6,59,,32.9,46,
1350655200,79 ,41.8,48,52 ,37.6,42,77 ,40.9,57,51 ,36.3,37,71 ,55.3,65,52 ,53.3,45,69 ,62.7,68,51 ,61.8,56,69 ,62.9,72,,59.9,56,,68.6,70,,63.2,59,,44.2,77,,34.1,53,
1350568800,90 ,44.2,55,54 ,43.8,44,80 ,41.8,50,53 ,37.6,41,77 ,40.9,54,52 ,36.3,36,72 ,55.3,65,51 ,53.3,46,70 ,62.7,70,,61.8,58,,62.9,66,,59.9,58,,68.6,76,,63.2,60,
1350482400,88 ,52.3,73,57 ,45.1,51,93 ,44.2,53,54 ,43.8,43,81 ,41.8,51,53 ,37.6,39,79 ,40.9,56,52 ,36.3,43,73 ,55.3,68,,53.3,53,,62.7,71,,61.8,60,,62.9,67,,59.9,60,
1350396000,86 ,64.3,64,55 ,57,55,92 ,52.3,72,57 ,45.1,48,93 ,44.2,54,54 ,43.8,43,79 ,41.8,55,53 ,37.6,39,79 ,40.9,59,,36.3,43,,55.3,63,,53.3,40,,62.7,70,,61.8,51,
1350309600,83 ,41.8,57,56 ,37.3,39,87 ,64.3,67,55 ,57,54,92 ,52.3,72,56 ,45.1,48,94 ,44.2,55,54 ,43.8,44,80 ,41.8,54,,37.6,42,,40.9,57,,36.3,42,,55.3,58,,53.3,39,
1350223200,79 ,47.9,64,54 ,41.9,47,83 ,41.8,56,57 ,37.3,39,86 ,64.3,67,54 ,57,50,93 ,52.3,71,55 ,45.1,51,93 ,44.2,55,,43.8,40,,41.8,48,,37.6,38,,40.9,56,,36.3,46,
1350136800,78 ,64.5,61,54 ,62.9,59,81 ,47.9,68,54 ,41.9,48,84 ,41.8,55,54 ,37.3,38,85 ,64.3,58,54 ,57,47,88 ,52.3,62,,45.1,53,,44.2,60,,43.8,46,,41.8,53,,37.6,37,
1350050400,68 ,48.6,56,52 ,44.1,36,76 ,64.5,59,53 ,62.9,58,80 ,47.9,76,53 ,41.9,51,82 ,41.8,59,53 ,37.3,40,83 ,64.3,62,,57,48,,52.3,67,,45.1,53,,44.2,56,,43.8,45,
1349877600,73 ,45.4,50,49 ,37.8,31,69 ,48.6,61,49 ,44.1,33,71 ,64.5,56,50 ,62.9,37,80 ,47.9,58,51 ,41.9,55,81 ,41.8,67,,37.3,46,,64.3,62,,57,49,,52.3,68,,45.1,56,
1349791200,73 ,41.8,66,49 ,34.9,42,74 ,45.4,50,49 ,37.8,33,72 ,48.6,61,49 ,44.1,35,73 ,64.5,57,50 ,62.9,37,77 ,47.9,55,,41.9,55,,41.8,70,,37.3,49,,64.3,69,,57,56,
1349704800,75 ,49.2,56,50 ,45.7,39,74 ,41.8,62,50 ,34.9,39,73 ,45.4,49,49 ,37.8,34,72 ,48.6,61,49 ,44.1,41,73 ,64.5,59,,62.9,44,,47.9,72,,41.9,58,,41.8,61,,37.3,39,
1349618400,77 ,32.4,51,51 ,30.1,30,74 ,49.2,57,50 ,45.7,40,75 ,41.8,63,50 ,34.9,40,75 ,45.4,50,50 ,37.8,35,73 ,48.6,64,,44.1,33,,64.5,55,,62.9,33,,47.9,58,,41.9,51,
1349532000,74 ,42.3,51,51 ,35.8,30,73 ,32.4,53,51 ,30.1,28,71 ,49.2,57,50 ,45.7,38,72 ,41.8,64,49 ,34.9,43,73 ,45.4,53,,37.8,35,,48.6,64,,44.1,38,,64.5,60,,62.9,40,
1349445600,75 ,39.1,55,53 ,31.9,35,76 ,42.3,51,52 ,35.8,29,75 ,32.4,52,51 ,30.1,29,74 ,49.2,59,51 ,45.7,39,75 ,41.8,66,,34.9,42,,45.4,50,,37.8,35,,48.6,61,,44.1,36,
1349359200,78 ,48.9,76,53 ,41.9,43,77 ,39.1,58,53 ,31.9,36,76 ,42.3,52,52 ,35.8,31,76 ,32.4,53,50 ,30.1,32,74 ,49.2,58,,45.7,39,,41.8,63,,34.9,40,,45.4,52,,37.8,34,
1349272800,85 ,58.7,71,54 ,53.5,57,78 ,48.9,76,53 ,41.9,47,80 ,39.1,59,53 ,31.9,38,78 ,42.3,50,52 ,35.8,32,77 ,32.4,50,,30.1,29,,49.2,57,,45.7,36,,41.8,63,,34.9,46,
1349186400,98 ,60.7,72,58 ,59.9,59,83 ,58.7,67,52 ,53.5,53,77 ,48.9,73,51 ,41.9,44,79 ,39.1,58,51 ,31.9,43,82 ,42.3,51,,35.8,29,,32.4,51,,30.1,29,,49.2,50,,45.7,32,
1349100000,97 ,55.4,69,61 ,53.6,47,95 ,60.7,69,60 ,59.9,51,84 ,58.7,64,54 ,53.5,51,79 ,48.9,72,52 ,41.9,48,80 ,39.1,56,,31.9,38,,42.3,49,,35.8,29,,32.4,50,,30.1,31,
1349013600,93 ,51.7,67,61 ,47.3,47,99 ,55.4,68,61 ,53.6,49,95 ,60.7,70,56 ,59.9,58,83 ,58.7,70,54 ,53.5,52,82 ,48.9,73,,41.9,50,,39.1,54,,31.9,36,,42.3,50,,35.8,31,
1348927200,90 ,53.5,70,62 ,47.6,45,97 ,51.7,67,63 ,47.3,45,102 ,55.4,67,64 ,53.6,46,99 ,60.7,68,57 ,59.9,51,84 ,58.7,67,,53.5,47,,48.9,73,,41.9,41,,39.1,57,,31.9,35,
1348804800,82 ,48.3,46,55 ,45.2,68,91 ,53.5,45,60 ,47.6,71,94 ,51.7,44,63 ,47.3,65,97 ,55.4,42,63 ,53.6,71,94 ,60.7,47,,59.9,77,,58.7,48,,53.5,78,,48.9,46,,41.9,,
1348668000,80 ,51.9,71,53 ,48.5,52,86 ,48.3,70,56 ,45.2,47,88 ,53.5,69,59 ,47.6,45,93 ,51.7,72,62 ,47.3,47,90 ,55.4,70,,53.6,45,,60.7,72,,59.9,50,,58.7,78,,53.5,49,
1348581600,82 ,61.8,78,53 ,56.2,50,81 ,51.9,70,54 ,48.5,44,85 ,48.3,68,56 ,45.2,44,87 ,53.5,70,58 ,47.6,42,92 ,51.7,71,,47.3,45,,55.4,70,,53.6,44,,60.7,73,,59.9,49,
1348495200,80 ,56.3,65,53 ,49.2,47,82 ,61.8,73,53 ,56.2,51,80 ,51.9,70,53 ,48.5,45,85 ,48.3,69,59 ,45.2,47,88 ,53.5,69,,47.6,44,,51.7,67,,47.3,44,,55.4,66,,53.6,43,
1348408800,85 ,39.8,55,53 ,35.3,35,82 ,56.3,66,53 ,49.2,44,82 ,61.8,74,53 ,56.2,50,81 ,51.9,68,53 ,48.5,48,83 ,48.3,64,,45.2,52,,53.5,68,,47.6,46,,51.7,66,,47.3,43,
1348322400,84 ,45.4,55,55 ,38.3,36,83 ,39.8,57,53 ,35.3,35,82 ,56.3,66,54 ,49.2,46,81 ,61.8,74,53 ,56.2,50,81 ,51.9,65,,48.5,47,,48.3,65,,45.2,55,,53.5,73,,47.6,59,
1348236000,81 ,50.1,62,54 ,46.7,46,83 ,45.4,56,54 ,38.3,39,81 ,39.8,57,53 ,35.3,38,82 ,56.3,65,53 ,49.2,43,81 ,61.8,74,,56.2,51,,51.9,66,,48.5,44,,48.3,68,,45.2,50,
1348149600,77 ,53.2,66,53 ,46,45,80 ,50.1,61,53 ,46.7,48,80 ,45.4,56,54 ,38.3,39,78 ,39.8,59,53 ,35.3,39,79 ,56.3,70,,49.2,47,,61.8,75,,56.2,48,,51.9,73,,48.5,52,
1348063200,75 ,62.6,66,54 ,50.2,50,79 ,53.2,68,53 ,46,49,82 ,50.1,59,54 ,46.7,46,78 ,45.4,59,54 ,38.3,39,73 ,39.8,56,,35.3,37,,56.3,65,,49.2,45,,61.8,71,,56.2,49,
1347976800,81 ,45.4,60,54 ,40.2,39,80 ,62.6,68,52 ,50.2,47,79 ,53.2,68,53 ,46,47,83 ,50.1,61,54 ,46.7,43,82 ,45.4,56,,38.3,36,,39.8,65,,35.3,43,,56.3,72,,49.2,48,
1347890400,79 ,55.7,71,51 ,47.7,51,83 ,45.4,59,54 ,40.2,40,82 ,62.6,65,54 ,50.2,47,83 ,53.2,65,54 ,46,49,83 ,50.1,64,,46.7,44,,45.4,64,,38.3,43,,39.8,60,,35.3,39,
1347717600,85 ,56.2,74,56 ,54.1,48,85 ,55.7,75,55 ,47.7,51,84 ,45.4,76,54 ,40.2,50,83 ,62.6,57,54 ,50.2,39,82 ,53.2,67,,46,51,,50.1,69,,46.7,50,,45.4,59,,38.3,45,
1347631200,85 ,55.7,70,56 ,49.2,47,86 ,56.2,74,55 ,54.1,48,86 ,55.7,75,54 ,47.7,52,84 ,45.4,75,54 ,40.2,51,83 ,62.6,57,,50.2,39,,53.2,66,,46,49,,50.1,70,,46.7,50,
1347544800,88 ,54.4,77,56 ,49.9,54,86 ,55.7,72,56 ,49.2,51,86 ,56.2,73,55 ,54.1,54,85 ,55.7,73,54 ,47.7,55,83 ,45.4,73,,40.2,53,,62.6,58,,50.2,42,,53.2,66,,46,46,
1347458400,84 ,68.8,83,55 ,61.8,59,88 ,54.4,72,56 ,49.9,53,85 ,55.7,69,56 ,49.2,48,85 ,56.2,71,55 ,54.1,51,84 ,55.7,72,,47.7,50,,45.4,73,,40.2,58,,62.6,59,,50.2,44,
1347372000,82 ,65.6,80,52 ,59,60,82 ,68.8,85,55 ,61.8,57,85 ,54.4,75,55 ,49.9,55,86 ,55.7,64,56 ,49.2,48,86 ,56.2,69,,54.1,48,,55.7,71,,47.7,50,,45.4,72,,40.2,52,
1347285600,84 ,58.1,73,52 ,52.8,52,81 ,65.6,80,53 ,59,57,84 ,68.8,85,54 ,61.8,61,86 ,54.4,83,55 ,49.9,64,87 ,55.7,69,,49.2,57,,56.2,69,,54.1,49,,55.7,71,,47.7,51,
1347199200,79 ,53.6,67,54 ,49.4,47,83 ,58.1,73,55 ,52.8,50,82 ,65.6,78,55 ,59,55,83 ,68.8,83,55 ,61.8,58,86 ,54.4,84,,49.9,65,,55.7,82,,49.2,64,,56.2,67,,54.1,57,
1347112800,82 ,57.8,68,56 ,54.1,53,80 ,53.6,69,54 ,49.4,47,84 ,58.1,74,55 ,52.8,49,83 ,65.6,79,55 ,59,53,85 ,68.8,83,,61.8,59,,54.4,81,,49.9,57,,55.7,73,,49.2,50,
1346940000,83 ,59.2,82,55 ,53.1,63,84 ,57.8,70,56 ,54.1,56,84 ,53.6,67,55 ,49.4,50,83 ,58.1,73,54 ,52.8,49,84 ,65.6,75,,59,55,,68.8,80,,61.8,57,,54.4,81,,49.9,58,
1346853600,88 ,72.5,84,58 ,65.2,65,86 ,59.2,79,56 ,53.1,59,84 ,57.8,77,55 ,54.1,56,84 ,53.6,68,55 ,49.4,49,84 ,58.1,69,,52.8,48,,65.6,72,,59,49,,68.8,76,,61.8,55,
1346680800,89 ,64.7,88,54 ,62.7,71,87 ,72.5,88,54 ,65.2,66,84 ,59.2,86,55 ,53.1,61,83 ,57.8,77,55 ,54.1,57,82 ,53.6,76,,49.4,53,,58.1,67,,52.8,48,,65.6,69,,59,48,
1346594400,89 ,72.3,82,56 ,70.4,69,89 ,64.7,87,56 ,62.7,68,86 ,72.5,84,55 ,65.2,67,85 ,59.2,78,55 ,53.1,62,84 ,57.8,76,,54.1,57,,53.6,75,,49.4,58,,58.1,72,,52.8,52,
1346508000,81 ,73.7,81,55 ,73.2,68,88 ,72.3,79,56 ,70.4,67,88 ,64.7,85,56 ,62.7,66,89 ,72.5,84,56 ,65.2,68,87 ,59.2,80,,53.1,62,,57.8,76,,54.1,57,,53.6,71,,49.4,57,
1346421600,79 ,73.5,90,54 ,72.1,69,81 ,73.7,80,55 ,73.2,67,89 ,72.3,81,57 ,70.4,67,92 ,64.7,83,59 ,62.7,66,88 ,72.5,85,,65.2,68,,59.2,81,,53.1,62,,57.8,73,,54.1,56,
1346335200,85 ,72.8,88,55 ,66,67,77 ,73.5,91,55 ,72.1,72,81 ,73.7,79,55 ,73.2,66,88 ,72.3,77,57 ,70.4,64,88 ,64.7,82,,62.7,63,,72.5,82,,65.2,64,,59.2,81,,53.1,60,
1346248800,91 ,69.3,82,56 ,64.5,62,84 ,72.8,87,55 ,66,66,78 ,73.5,89,55 ,72.1,71,80 ,73.7,78,55 ,73.2,69,83 ,72.3,76,,70.4,67,,64.7,80,,62.7,65,,72.5,83,,65.2,66,
1346162400,85 ,67.6,81,56 ,62.9,58,82 ,69.3,81,55 ,64.5,60,83 ,72.8,86,56 ,66,64,78 ,73.5,87,55 ,72.1,68,79 ,73.7,73,,73.2,69,,72.3,73,,70.4,64,,64.7,79,,62.7,63,
1346076000,85 ,65.2,79,56 ,59.6,62,86 ,67.6,80,56 ,62.9,61,85 ,69.3,82,56 ,64.5,62,85 ,72.8,84,56 ,66,64,81 ,73.5,85,,72.1,69,,73.7,73,,73.2,70,,72.3,77,,70.4,65,
1345989600,77 ,67.4,82,55 ,65.8,68,85 ,65.2,82,56 ,59.6,63,85 ,67.6,79,55 ,62.9,59,85 ,69.3,79,56 ,64.5,60,85 ,72.8,84,,66,63,,73.5,85,,72.1,68,,73.7,73,,73.2,69,
1345816800,83 ,73.7,90,56 ,67.6,65,83 ,67.4,88,55 ,65.8,63,81 ,65.2,82,56 ,59.6,64,85 ,67.6,83,56 ,62.9,60,85 ,69.3,82,,64.5,59,,72.8,80,,66,57,,73.5,86,,72.1,59,
1345730400,83 ,74.4,89,56 ,66.6,65,82 ,73.7,90,55 ,67.6,63,81 ,67.4,89,56 ,65.8,68,81 ,65.2,84,56 ,59.6,65,86 ,67.6,79,,62.9,58,,69.3,81,,64.5,56,,72.8,79,,66,55,
1345644000,83 ,68.9,80,56 ,66,57,83 ,74.4,84,56 ,66.6,62,81 ,73.7,88,55 ,67.6,62,80 ,67.4,87,56 ,65.8,66,81 ,65.2,82,,59.6,63,,67.6,82,,62.9,60,,69.3,79,,64.5,55,
1345557600,85 ,59.5,76,56 ,53.9,53,83 ,68.9,81,56 ,66,56,82 ,74.4,84,56 ,66.6,63,82 ,73.7,84,55 ,67.6,64,82 ,67.4,87,,65.8,68,,65.2,81,,59.6,67,,67.6,82,,62.9,63,
1345471200,87 ,61.5,73,56 ,53.8,53,86 ,59.5,76,56 ,53.9,54,84 ,68.9,80,56 ,66,57,83 ,74.4,83,56 ,66.6,60,84 ,73.7,82,,67.6,63,,67.4,87,,65.8,66,,65.2,83,,59.6,70,
1345384800,85 ,63.4,74,55 ,56,53,86 ,61.5,73,55 ,53.8,53,85 ,59.5,75,56 ,53.9,52,85 ,68.9,78,56 ,66,54,84 ,74.4,81,,66.6,59,,73.7,78,,67.6,61,,67.4,84,,65.8,64,
1345212000,88 ,61.8,73,57 ,56.7,50,87 ,63.4,75,56 ,56,52,86 ,61.5,76,56 ,53.8,54,89 ,59.5,73,56 ,53.9,49,86 ,68.9,75,,66,50,,74.4,80,,66.6,56,,73.7,84,,67.6,62,
1345125600,88 ,61.8,77,57 ,53.8,59,89 ,61.8,75,58 ,56.7,53,88 ,63.4,74,56 ,56,52,87 ,61.5,74,56 ,53.8,51,87 ,59.5,77,,53.9,55,,68.9,82,,66,58,,74.4,82,,66.6,61,
1345039200,89 ,71.1,80,56 ,68.9,65,89 ,61.8,78,56 ,53.8,57,90 ,61.8,72,58 ,56.7,53,90 ,63.4,75,56 ,56,53,89 ,61.5,76,,53.8,53,,59.5,77,,53.9,56,,68.9,78,,66,54,
1344952800,92 ,65,77,59 ,62.7,58,91 ,71.1,81,56 ,68.9,58,90 ,61.8,72,56 ,53.8,55,89 ,61.8,72,57 ,56.7,52,89 ,63.4,73,,56,54,,61.5,73,,53.8,56,,59.5,72,,53.9,49,
1344866400,95 ,60.2,67,63 ,55.9,59,95 ,65,78,62 ,62.7,58,92 ,71.1,79,56 ,68.9,61,92 ,61.8,81,57 ,53.8,61,93 ,61.8,71,,56.7,55,,63.4,72,,56,53,,61.5,74,,53.8,56,
1344693600,94 ,64.7,77,57 ,62.4,53,92 ,60.2,80,58 ,55.9,60,90 ,65,77,56 ,62.7,60,88 ,71.1,78,57 ,68.9,57,91 ,61.8,80,,53.8,63,,61.8,73,,56.7,56,,63.4,73,,56,53,
1344607200,93 ,61.6,69,61 ,54.2,53,94 ,64.7,76,58 ,62.4,53,92 ,60.2,80,56 ,55.9,60,90 ,65,74,56 ,62.7,57,91 ,71.1,78,,68.9,56,,61.8,81,,53.8,61,,61.8,81,,56.7,67,
1344520800,96 ,62.7,80,60 ,60.7,63,91 ,61.6,73,62 ,54.2,57,90 ,64.7,76,61 ,62.4,58,88 ,60.2,79,56 ,55.9,61,86 ,65,78,,62.7,59,,71.1,80,,68.9,59,,61.8,82,,53.8,64,
1344434400,91 ,70.1,87,58 ,67.9,69,93 ,62.7,78,59 ,60.7,65,94 ,61.6,74,60 ,54.2,58,90 ,64.7,75,59 ,62.4,58,89 ,60.2,80,,55.9,62,,65,75,,62.7,59,,71.1,79,,68.9,62,
1344348000,86 ,76.5,84,57 ,70.9,65,92 ,70.1,82,58 ,67.9,62,93 ,62.7,79,62 ,60.7,57,94 ,61.6,73,63 ,54.2,52,91 ,64.7,76,,62.4,55,,60.2,80,,55.9,59,,65,80,,62.7,60,
1344261600,88 ,64.5,83,56 ,59.6,58,87 ,76.5,83,57 ,70.9,62,91 ,70.1,82,56 ,67.9,64,94 ,62.7,70,58 ,60.7,56,91 ,61.6,73,,54.2,53,,64.7,76,,62.4,59,,60.2,79,,55.9,61,
1344175200,81 ,64.7,80,56 ,58.9,58,90 ,64.5,83,56 ,59.6,60,89 ,76.5,86,57 ,70.9,63,92 ,70.1,86,56 ,67.9,64,93 ,62.7,83,,60.7,60,,61.6,78,,54.2,56,,64.7,75,,62.4,54,
1344002400,84 ,70.4,87,55 ,65.8,68,82 ,64.7,86,55 ,58.9,67,82 ,64.5,78,55 ,59.6,60,87 ,76.5,81,55 ,70.9,61,87 ,70.1,83,,67.9,64,,62.7,85,,60.7,65,,61.6,87,,54.2,69,
1343829600,87 ,74.6,85,56 ,68.4,68,89 ,70.4,91,56 ,65.8,70,84 ,64.7,91,55 ,58.9,68,82 ,64.5,90,55 ,59.6,67,83 ,76.5,78,,70.9,58,,70.1,81,,67.9,60,,62.7,87,,60.7,68,
1343743200,89 ,68.8,83,55 ,65,64,88 ,74.6,87,56 ,68.4,65,90 ,70.4,91,56 ,65.8,69,85 ,64.7,88,56 ,58.9,66,83 ,64.5,94,,59.6,72,,76.5,83,,70.9,62,,70.1,83,,67.9,59,
1343570400,84 ,78.1,85,54 ,67.8,64,90 ,68.8,85,55 ,65,66,87 ,74.6,84,55 ,68.4,64,88 ,70.4,87,56 ,65.8,65,88 ,64.7,89,,58.9,68,,64.5,92,,59.6,71,,76.5,85,,70.9,68,
1343484000,85 ,66.8,83,55 ,61.3,63,84 ,78.1,81,55 ,67.8,64,91 ,68.8,88,56 ,65,66,90 ,74.6,85,56 ,68.4,68,89 ,70.4,86,,65.8,67,,64.7,85,,58.9,66,,64.5,82,,59.6,59,
1343311200,81 ,69.3,81,53 ,65.8,69,82 ,66.8,83,54 ,61.3,62,87 ,78.1,83,55 ,67.8,61,87 ,68.8,86,55 ,65,67,87 ,74.6,85,,68.4,70,,70.4,89,,65.8,68,,64.7,86,,58.9,63,
1343224800,81 ,87.2,90,52 ,71.8,74,81 ,69.3,85,52 ,65.8,69,82 ,66.8,84,53 ,61.3,63,86 ,78.1,83,54 ,67.8,62,85 ,68.8,85,,65,68,,74.6,88,,68.4,68,,70.4,82,,65.8,64,
1343138400,83 ,74,83,53 ,70.4,69,83 ,87.2,90,52 ,71.8,73,82 ,69.3,85,53 ,65.8,67,82 ,66.8,82,53 ,61.3,63,85 ,78.1,82,,67.8,62,,68.8,84,,65,65,,74.6,82,,68.4,69,
1342965600,88 ,84.3,89,57 ,69.8,73,83 ,74,94,55 ,70.4,74,82 ,87.2,86,55 ,71.8,72,78 ,69.3,85,54 ,65.8,72,79 ,66.8,83,,61.3,65,,78.1,83,,67.8,69,,68.8,84,,65,65,
1342879200,95 ,76.1,89,57 ,68.3,69,88 ,84.3,89,57 ,69.8,70,88 ,74,90,56 ,70.4,72,83 ,87.2,86,54 ,71.8,66,81 ,69.3,83,,65.8,65,,66.8,83,,61.3,70,,78.1,87,,67.8,71,
1342792800,86 ,65.2,81,55 ,61.5,61,90 ,76.1,89,57 ,68.3,67,87 ,84.3,89,57 ,69.8,68,86 ,74,94,56 ,70.4,72,84 ,87.2,89,,71.8,65,,69.3,83,,65.8,70,,66.8,83,,61.3,71,
1342706400,82 ,71.3,82,55 ,70.4,66,86 ,65.2,80,56 ,61.5,60,90 ,76.1,86,56 ,68.3,65,86 ,84.3,89,58 ,69.8,66,86 ,74,91,,70.4,70,,87.2,81,,71.8,60,,69.3,84,,65.8,69,
1342620000,79 ,72.3,90,52 ,71.1,72,81 ,71.3,81,55 ,70.4,65,85 ,65.2,84,56 ,61.5,62,89 ,76.1,88,56 ,68.3,66,88 ,84.3,93,,69.8,69,,74,91,,70.4,69,,87.2,92,,71.8,71,
1342533600,76 ,81.6,95,53 ,75.3,74,78 ,72.3,89,53 ,71.1,68,82 ,71.3,82,56 ,70.4,64,87 ,65.2,87,57 ,61.5,62,87 ,76.1,92,,68.3,71,,84.3,96,,69.8,71,,74,85,,70.4,69,
1342447200,73 ,80.5,91,54 ,75.3,72,74 ,81.6,94,53 ,75.3,74,77 ,72.3,87,54 ,71.1,69,83 ,71.3,86,56 ,70.4,65,86 ,65.2,85,,61.5,65,,76.1,90,,68.3,65,,84.3,93,,69.8,68,
1342360800,86 ,95.4,88,53 ,68.3,69,77 ,80.5,90,51 ,75.3,70,76 ,81.6,94,50 ,75.3,72,79 ,72.3,87,53 ,71.1,65,81 ,71.3,80,,70.4,61,,65.2,83,,61.5,59,,76.1,86,,68.3,61,
1342274400,81 ,73.3,85,52 ,68.3,70,85 ,95.4,87,53 ,68.3,69,80 ,80.5,87,50 ,75.3,69,75 ,81.6,91,51 ,75.3,68,77 ,72.3,81,,71.1,61,,71.3,82,,70.4,60,,65.2,85,,61.5,63,
1342188000,87 ,72.3,82,52 ,70.6,67,81 ,73.3,88,52 ,68.3,68,82 ,95.4,92,53 ,68.3,70,76 ,80.5,94,51 ,75.3,73,78 ,81.6,92,,75.3,72,,72.3,84,,71.1,68,,71.3,88,,70.4,69,
1342101600,92 ,76.1,88,57 ,69.4,64,87 ,72.3,87,56 ,70.6,65,81 ,73.3,87,53 ,68.3,67,80 ,95.4,82,53 ,68.3,68,79 ,80.5,85,,75.3,68,,81.6,87,,75.3,69,,72.3,79,,71.1,58,
1342015200,97 ,71.8,85,57 ,65.8,62,92 ,76.1,87,55 ,69.4,63,90 ,72.3,89,54 ,70.6,65,79 ,73.3,88,53 ,68.3,68,80 ,95.4,87,,68.3,71,,80.5,87,,75.3,73,,81.6,90,,75.3,73,
1341928800,91 ,68.3,87,57 ,63.4,62,95 ,71.8,86,56 ,65.8,61,91 ,76.1,87,56 ,69.4,63,86 ,72.3,88,53 ,70.6,64,79 ,73.3,88,,68.3,67,,95.4,85,,68.3,71,,80.5,86,,75.3,72,
1341842400,89 ,73,85,56 ,68.9,61,93 ,68.3,83,59 ,63.4,61,95 ,71.8,84,56 ,65.8,61,87 ,76.1,85,55 ,69.4,62,89 ,72.3,86,,70.6,62,,73.3,88,,68.3,64,,95.4,88,,68.3,65,
1341756000,88 ,73.3,87,54 ,64.3,65,89 ,73,86,55 ,68.9,61,92 ,68.3,81,59 ,63.4,60,95 ,71.8,84,57 ,65.8,60,87 ,76.1,85,,69.4,61,,72.3,86,,70.6,62,,73.3,88,,68.3,64,
1341669600,92 ,74,93,54 ,73.5,70,89 ,73.3,86,52 ,64.3,63,89 ,73,86,53 ,68.9,61,92 ,68.3,83,58 ,63.4,60,91 ,71.8,84,,65.8,59,,76.1,84,,69.4,60,,72.3,86,,70.6,61,
1341583200,85 ,82.6,98,54 ,77.6,76,88 ,74,94,54 ,73.5,67,88 ,73.3,78,55 ,64.3,59,92 ,73,83,56 ,68.9,59,92 ,68.3,82,,63.4,59,,71.8,81,,65.8,60,,76.1,83,,69.4,60,
1341496800,81 ,86.7,95,52 ,79,75,85 ,82.6,95,53 ,77.6,75,90 ,74,97,55 ,73.5,68,90 ,73.3,80,56 ,64.3,59,90 ,73,82,,68.9,60,,68.3,82,,63.4,60,,71.8,83,,65.8,61,
1341410400,85 ,81.6,93,50 ,74.4,75,84 ,86.7,95,54 ,79,74,87 ,82.6,90,54 ,77.6,75,89 ,74,85,54 ,73.5,70,89 ,73.3,83,,64.3,64,,73,84,,68.9,62,,68.3,82,,63.4,61,
1341237600,94 ,80.3,89,74 ,74.9,74,98 ,81.6,93,75 ,74.4,71,95 ,86.7,93,74 ,79,74,94 ,82.6,88,75 ,77.6,75,97 ,74,88,,73.5,74,,73.3,87,,64.3,65,,73,82,,68.9,60,
1341115200,93 ,75.1,73,71 ,70.6,90,95 ,80.3,72,74 ,74.9,88,98 ,81.6,72,76 ,74.4,88,95 ,86.7,71,75 ,79,86,95 ,82.6,70,,77.6,90,,74,70,,73.5,90,,73.3,73,,64.3,,
1340719200,83 ,73.7,85,57 ,68.9,57,93 ,75.1,89,74 ,70.6,63,100 ,80.3,95,75 ,74.9,69,95 ,81.6,81,72 ,74.4,70,93 ,86.7,91,,79,71,,82.6,86,,77.6,71,,74,88,,73.5,71,
1340632800,75 ,60.5,81,53 ,56.7,55,81 ,73.7,84,58 ,68.9,56,90 ,75.1,91,74 ,70.6,63,100 ,80.3,92,76 ,74.9,65,95 ,81.6,79,,74.4,66,,86.7,87,,79,68,,82.6,87,,77.6,67,
1340546400,88 ,70.8,89,56 ,62.6,58,75 ,60.5,75,54 ,56.7,51,80 ,73.7,82,60 ,68.9,54,90 ,75.1,89,73 ,70.6,61,99 ,80.3,94,,74.9,64,,81.6,83,,74.4,64,,86.7,86,,79,68,
1340373600,82 ,71.6,83,57 ,65.2,59,84 ,70.8,85,63 ,62.6,61,85 ,60.5,81,60 ,56.7,58,74 ,73.7,76,55 ,68.9,54,77 ,75.1,80,,70.6,56,,80.3,87,,74.9,65,,81.6,88,,74.4,66,
1340287200,84 ,70.3,82,61 ,60.1,64,83 ,71.6,82,60 ,65.2,60,81 ,70.8,83,65 ,62.6,61,85 ,60.5,83,61 ,56.7,60,74 ,73.7,73,,68.9,51,,75.1,76,,70.6,54,,80.3,81,,74.9,59,
1340200800,94 ,79.4,92,76 ,74,72,84 ,70.3,84,62 ,60.1,63,82 ,71.6,82,60 ,65.2,59,83 ,70.8,84,66 ,62.6,60,84 ,60.5,89,,56.7,58,,73.7,74,,68.9,53,,75.1,72,,70.6,50,
1340114400,95 ,80.7,94,73 ,73.3,70,95 ,79.4,92,73 ,74,70,84 ,70.3,84,64 ,60.1,61,83 ,71.6,82,64 ,65.2,59,84 ,70.8,84,,62.6,62,,60.5,85,,56.7,60,,73.7,82,,68.9,56,
1340028000,95 ,79.9,89,73 ,74.6,71,95 ,80.7,92,73 ,73.3,68,91 ,79.4,92,73 ,74,69,84 ,70.3,82,66 ,60.1,62,83 ,71.6,85,,65.2,64,,70.8,89,,62.6,66,,60.5,85,,56.7,62,
1339941600,87 ,73.9,84,68 ,67.6,67,95 ,79.9,88,73 ,74.6,70,95 ,80.7,95,72 ,73.3,71,91 ,79.4,93,73 ,74,69,85 ,70.3,82,,60.1,58,,71.6,83,,65.2,58,,70.8,87,,62.6,64,
1339855200,90 ,68.3,88,68 ,67.4,70,88 ,73.9,86,69 ,67.6,67,94 ,79.9,85,72 ,74.6,68,94 ,80.7,91,74 ,73.3,68,93 ,79.4,90,,74,68,,70.3,86,,60.1,63,,71.6,77,,65.2,56,
1339768800,92 ,72.7,92,66 ,68.9,63,93 ,68.3,88,71 ,67.4,68,89 ,73.9,83,70 ,67.6,64,93 ,79.9,85,73 ,74.6,66,92 ,80.7,91,,73.3,65,,79.4,91,,74,66,,70.3,93,,60.1,69,
1339682400,84 ,66.6,87,59 ,60.5,59,91 ,72.7,90,66 ,68.9,61,93 ,68.3,88,71 ,67.4,65,86 ,73.9,83,68 ,67.6,69,89 ,79.9,84,,74.6,68,,80.7,87,,73.3,68,,79.4,88,,74,68,
1339596000,74 ,59.3,80,54 ,55.6,55,84 ,66.6,85,61 ,60.5,56,89 ,72.7,87,65 ,68.9,58,91 ,68.3,90,71 ,67.4,63,90 ,73.9,87,,67.6,67,,79.9,84,,74.6,68,,80.7,88,,73.3,68,
1339509600,76 ,57,77,53 ,51,50,73 ,59.3,77,55 ,55.6,51,81 ,66.6,85,60 ,60.5,57,86 ,72.7,85,66 ,68.9,60,89 ,68.3,91,,67.4,63,,73.9,91,,67.6,66,,79.9,91,,74.6,66,
1339423200,87 ,74.6,88,60 ,61.5,61,76 ,57,74,53 ,51,51,75 ,59.3,76,56 ,55.6,56,79 ,66.6,82,61 ,60.5,57,85 ,72.7,82,,68.9,60,,68.3,87,,67.4,61,,73.9,89,,67.6,63,
1339336800,91 ,76.5,89,69 ,67.8,66,86 ,74.6,86,63 ,61.5,62,77 ,57,76,55 ,51,53,75 ,59.3,76,54 ,55.6,53,80 ,66.6,81,,60.5,56,,72.7,85,,68.9,63,,68.3,89,,67.4,65,
1336226400,73 ,69.3,71,55 ,65.5,53,76 ,76.5,76,60 ,67.8,58,70 ,74.6,67,49 ,61.5,54,68 ,57,67,48 ,51,47,62 ,59.3,59,,55.6,43,,66.6,66,,60.5,45,,72.7,68,,68.9,52,
1336140000,74 ,58.1,78,55 ,57,63,75 ,69.3,76,55 ,65.5,58,78 ,76.5,73,58 ,67.8,57,70 ,74.6,70,50 ,61.5,55,68 ,57,66,,51,47,,59.3,63,,55.6,45,,66.6,69,,60.5,48,
1336053600,85 ,72.8,88,64 ,61.6,70,80 ,58.1,82,56 ,57,61,74 ,69.3,72,55 ,65.5,52,71 ,76.5,68,55 ,67.8,54,69 ,74.6,67,,61.5,55,,57,71,,51,51,,59.3,68,,55.6,49,
1335967200,82 ,69.6,79,66 ,67.1,66,85 ,72.8,83,64 ,61.6,66,80 ,58.1,77,54 ,57,56,72 ,69.3,69,53 ,65.5,52,69 ,76.5,68,,67.8,47,,74.6,60,,61.5,43,,57,67,,51,43,
1335880800,74 ,62.7,72,62 ,58.1,59,82 ,69.6,80,65 ,67.1,63,84 ,72.8,91,65 ,61.6,65,80 ,58.1,83,61 ,57,62,77 ,69.3,78,,65.5,53,,76.5,69,,67.8,48,,74.6,65,,61.5,43,
1335708000,61 ,54.4,63,50 ,48.8,47,66 ,62.7,62,49 ,58.1,48,77 ,69.6,67,62 ,67.1,58,81 ,72.8,81,64 ,61.6,65,79 ,58.1,86,,57,68,,69.3,78,,65.5,63,,76.5,76,,67.8,61,
1335621600,49 ,44.3,56,37 ,40.6,46,57 ,54.4,67,44 ,48.8,50,64 ,62.7,62,46 ,58.1,53,71 ,69.6,71,60 ,67.1,59,79 ,72.8,78,,61.6,65,,58.1,78,,57,57,,69.3,73,,65.5,45,
1335535200,55 ,46.2,60,41 ,41.8,41,48 ,44.3,46,37 ,40.6,39,57 ,54.4,61,41 ,48.8,44,59 ,62.7,64,49 ,58.1,55,69 ,69.6,68,,67.1,56,,72.8,78,,61.6,65,,58.1,78,,57,59,
1335448800,58 ,36.9,60,34 ,31.8,34,55 ,46.2,59,39 ,41.8,38,49 ,44.3,50,39 ,40.6,35,55 ,54.4,63,40 ,48.8,45,61 ,62.7,74,,58.1,56,,69.6,70,,67.1,64,,72.8,79,,61.6,66,
1335362400,68 ,52.5,67,46 ,46.2,49,58 ,36.9,59,38 ,31.8,36,54 ,46.2,55,40 ,41.8,37,51 ,44.3,47,37 ,40.6,33,54 ,54.4,58,,48.8,33,,62.7,60,,58.1,40,,69.6,55,,67.1,43,
1335189600,59 ,48.6,58,37 ,46.4,39,64 ,52.5,63,46 ,46.2,41,65 ,36.9,72,47 ,31.8,46,58 ,46.2,57,37 ,41.8,37,53 ,44.3,54,,40.6,39,,54.4,48,,48.8,31,,62.7,55,,58.1,29,
1335103200,53 ,40.9,53,34 ,36.6,33,57 ,48.6,56,39 ,46.4,35,65 ,52.5,60,49 ,46.2,37,65 ,36.9,63,42 ,31.8,44,57 ,46.2,54,,41.8,36,,44.3,52,,40.6,35,,54.4,55,,48.8,34,
1335016800,53 ,40.6,55,36 ,38.9,37,54 ,40.9,53,34 ,36.6,31,58 ,48.6,57,41 ,46.4,33,64 ,52.5,64,47 ,46.2,39,64 ,36.9,54,,31.8,37,,46.2,55,,41.8,32,,44.3,59,,40.6,38,
1334930400,48 ,40.2,52,35 ,34.6,35,53 ,40.6,56,36 ,38.9,37,56 ,40.9,55,37 ,36.6,36,58 ,48.6,55,40 ,46.4,36,62 ,52.5,61,,46.2,39,,36.9,67,,31.8,49,,46.2,65,,41.8,43,
1334844000,68 ,48.2,75,49 ,43.9,52,51 ,40.2,56,35 ,34.6,36,53 ,40.6,58,37 ,38.9,37,56 ,40.9,53,38 ,36.6,37,60 ,48.6,57,,46.4,38,,52.5,67,,46.2,40,,36.9,77,,31.8,56,
1334757600,71 ,55.9,67,51 ,52.9,51,68 ,48.2,65,46 ,43.9,46,52 ,40.2,47,38 ,34.6,36,52 ,40.6,56,35 ,38.9,37,56 ,40.9,57,,36.6,38,,48.6,55,,46.4,36,,52.5,66,,46.2,51,
1334498400,79 ,42.5,76,55 ,40.2,64,59 ,55.9,67,36 ,52.9,40,59 ,48.2,63,41 ,43.9,42,66 ,40.2,68,46 ,34.6,48,62 ,40.6,56,,38.9,37,,40.9,61,,36.6,40,,48.6,52,,46.4,32,
1334325600,64 ,61.5,68,52 ,58.9,52,71 ,42.5,62,61 ,40.2,55,78 ,55.9,72,57 ,52.9,60,65 ,48.2,68,40 ,43.9,43,53 ,40.2,58,,34.6,42,,40.6,66,,38.9,49,,40.9,59,,36.6,43,
1334239200,60 ,46.8,60,38 ,41.9,35,60 ,61.5,64,53 ,58.9,48,70 ,42.5,67,61 ,40.2,58,72 ,55.9,74,52 ,52.9,60,64 ,48.2,70,,43.9,48,,40.2,50,,34.6,32,,40.6,60,,38.9,42,
1334066400,47 ,34.9,48,31 ,29.5,30,51 ,46.8,55,29 ,41.9,30,57 ,61.5,61,41 ,58.9,38,61 ,42.5,63,53 ,40.2,47,69 ,55.9,65,,52.9,58,,48.2,65,,43.9,49,,40.2,59,,34.6,45,
1333980000,62 ,44.2,59,32 ,33.4,36,49 ,34.9,49,31 ,29.5,31,54 ,46.8,53,34 ,41.9,30,57 ,61.5,61,41 ,58.9,43,60 ,42.5,63,,40.2,52,,55.9,74,,52.9,59,,48.2,77,,43.9,52,
1333893600,65 ,50.4,63,42 ,41.8,43,59 ,44.2,61,34 ,33.4,37,47 ,34.9,48,32 ,29.5,29,53 ,46.8,53,33 ,41.9,29,55 ,61.5,58,,58.9,34,,42.5,46,,40.2,40,,55.9,62,,52.9,57,
1333720800,57 ,54.1,60,36 ,41.6,36,65 ,50.4,70,40 ,41.8,41,63 ,44.2,64,40 ,33.4,39,54 ,34.9,52,35 ,29.5,33,49 ,46.8,51,,41.9,29,,61.5,56,,58.9,34,,42.5,58,,40.2,40,
1333634400,57 ,36.2,59,32 ,33.8,32,58 ,54.1,60,34 ,41.6,34,66 ,50.4,67,45 ,41.8,42,62 ,44.2,60,40 ,33.4,40,56 ,34.9,52,,29.5,35,,46.8,53,,41.9,35,,61.5,47,,58.9,26,
1333548000,58 ,44.8,67,36 ,39.3,42,52 ,36.2,62,32 ,33.8,36,56 ,54.1,59,38 ,41.6,34,63 ,50.4,66,45 ,41.8,46,62 ,44.2,63,,33.4,42,,34.9,49,,29.5,31,,46.8,49,,41.9,29,
1333461600,75 ,49.5,79,44 ,46.1,46,59 ,44.8,64,38 ,39.3,38,51 ,36.2,55,34 ,33.8,34,57 ,54.1,61,39 ,41.6,36,66 ,50.4,69,,41.8,44,,44.2,65,,33.4,40,,34.9,61,,29.5,35,
1333375200,62 ,57,74,53 ,51.4,52,71 ,49.5,77,42 ,46.1,44,59 ,44.8,63,40 ,39.3,45,54 ,36.2,54,36 ,33.8,36,59 ,54.1,59,,41.6,37,,50.4,68,,41.8,48,,44.2,65,,33.4,40,
1333303200,66 ,48.6,64,49 ,44.8,48,70 ,57,72,58 ,51.4,50,65 ,49.5,69,43 ,46.1,40,60 ,44.8,61,41 ,39.3,39,57 ,36.2,55,,33.8,32,,54.1,59,,41.6,33,,50.4,66,,41.8,41,
1333216800,48 ,50.4,58,72 ,46,44,52 ,48.6,71,78 ,44.8,44,57 ,57,74,65 ,51.4,50,43 ,49.5,61,60 ,46.1,41,41 ,44.8,64,,39.3,46,,36.2,54,,33.8,39,,54.1,60,,41.6,39,
1333130400,37 ,40.3,56,62 ,38,39,51 ,50.4,65,76 ,46,45,56 ,48.6,73,77 ,44.8,47,55 ,57,74,65 ,51.4,54,42 ,49.5,63,,46.1,40,,44.8,54,,39.3,34,,36.2,56,,33.8,33,
