1353798000,46 ,~,32,70 ,~,21,44 ,~,40,69 ,~,17,42 ,~,34,67 ,~,14,47 ,~,36,67 ,~,16,48 ,~,40,,~,14,,~,39,,~,27,,~,35,,~,23,
1353538800,45 ,25.1,49,68 ,34.1,31,46 ,~,63,71 ,~,32,47 ,~,36,72 ,~,16,49 ,~,35,70 ,~,24,46 ,~,45,,~,21,,~,42,,~,28,,~,37,,~,19,
1353452400,62 ,37,58,50 ,48.8,33,68 ,25.1,59,46 ,34.1,40,68 ,~,67,46 ,~,41,71 ,~,44,47 ,~,24,73 ,~,39,,~,26,,~,46,,~,25,,~,39,,~,25,
1353366000,48 ,48.5,58,66 ,58.6,41,51 ,37,57,67 ,48.8,33,45 ,25.1,60,68 ,34.1,40,45 ,~,66,71 ,~,40,46 ,~,44,,~,26,,~,46,,~,33,,~,50,,~,25,
1353279600,45 ,40.3,55,67 ,59,34,48 ,48.5,54,67 ,58.6,38,51 ,37,56,67 ,48.8,31,47 ,25.1,60,69 ,34.1,40,47 ,~,65,,~,46,,~,54,,~,28,,~,50,,~,33,
1352919600,48 ,32.1,48,68 ,57.6,24,49 ,40.3,47,66 ,59,25,49 ,48.5,47,66 ,58.6,26,51 ,37,50,64 ,48.8,28,47 ,25.1,52,,34.1,30,,~,51,,~,39,,~,47,,~,41,
1352847600,43 ,26.1,40,75 ,45.7,23,50 ,32.1,45,68 ,57.6,24,48 ,40.3,47,68 ,59,24,48 ,48.5,50,66 ,58.6,25,48 ,37,52,,48.8,29,,25.1,54,,34.1,31,,~,51,,~,40,
1352761200,44 ,22.2,34,72 ,41.6,18,48 ,26.1,39,73 ,45.7,20,50 ,32.1,40,68 ,57.6,21,49 ,40.3,44,66 ,59,20,48 ,48.5,47,,58.6,23,,37,49,,48.8,27,,25.1,50,,34.1,28,
1352674800,42 ,27,67,68 ,36.9,36,45 ,22.2,38,70 ,41.6,22,47 ,26.1,41,69 ,45.7,24,49 ,32.1,42,65 ,57.6,24,48 ,40.3,46,,59,30,,48.5,50,,58.6,28,,37,51,,48.8,30,
1352588400,41 ,53.1,63,64 ,68.6,48,42 ,27,66,68 ,36.9,37,48 ,22.2,40,72 ,41.6,22,49 ,26.1,41,72 ,45.7,26,50 ,32.1,44,,57.6,24,,40.3,50,,59,37,,48.5,54,,58.6,30,
1352502000,41 ,51,57,62 ,64.5,45,40 ,53.1,65,64 ,68.6,45,47 ,27,66,69 ,36.9,46,49 ,22.2,48,70 ,41.6,24,48 ,26.1,41,,45.7,23,,32.1,46,,57.6,28,,40.3,47,,59,36,
1352415600,43 ,35.6,47,60 ,56.5,30,42 ,51,59,61 ,64.5,44,43 ,53.1,67,64 ,68.6,48,45 ,27,65,68 ,36.9,45,48 ,22.2,46,,41.6,25,,26.1,39,,45.7,22,,32.1,45,,57.6,26,
1352314800,49 ,38.6,48,63 ,45.7,32,44 ,35.6,52,60 ,56.5,30,45 ,51,58,63 ,64.5,44,40 ,53.1,65,66 ,68.6,49,41 ,27,70,,36.9,45,,22.2,47,,41.6,24,,26.1,40,,45.7,26,
1352242800,50 ,39.2,40,73 ,45.2,33,49 ,38.6,44,64 ,45.7,25,45 ,35.6,49,61 ,56.5,28,44 ,51,58,63 ,64.5,43,40 ,53.1,61,,68.6,44,,27,59,,36.9,43,,22.2,44,,41.6,30,
1352070000,54 ,26.1,48,87 ,39.2,22,53 ,39.2,45,83 ,45.2,21,50 ,38.6,42,73 ,45.7,30,49 ,35.6,49,64 ,56.5,28,45 ,51,57,,64.5,30,,53.1,57,,68.6,39,,27,66,,36.9,53,
1351980000,49 ,33.1,45,83 ,50.5,26,56 ,26.1,44,87 ,39.2,24,57 ,39.2,46,83 ,45.2,22,52 ,38.6,40,73 ,45.7,29,49 ,35.6,45,,56.5,28,,51,53,,64.5,33,,53.1,62,,68.6,47,
1351893600,50 ,35.9,51,77 ,44.8,28,52 ,33.1,42,82 ,50.5,27,56 ,26.1,43,86 ,39.2,22,52 ,39.2,46,85 ,45.2,22,52 ,38.6,49,,45.7,34,,35.6,58,,56.5,36,,51,60,,64.5,36,
1351807200,51 ,32.4,52,72 ,51.3,27,50 ,35.9,47,76 ,44.8,29,52 ,33.1,40,82 ,50.5,23,54 ,26.1,47,85 ,39.2,23,54 ,39.2,42,,45.2,19,,38.6,47,,45.7,35,,35.6,49,,56.5,28,
1351720800,52 ,29.1,50,71 ,54.4,27,50 ,32.4,48,73 ,51.3,27,50 ,35.9,48,77 ,44.8,27,52 ,33.1,39,82 ,50.5,32,53 ,26.1,41,,39.2,29,,39.2,41,,45.2,27,,38.6,42,,45.7,32,
1351634400,52 ,32.2,48,67 ,49.4,34,53 ,29.1,48,69 ,54.4,27,50 ,32.4,49,72 ,51.3,26,50 ,35.9,50,76 ,44.8,29,52 ,33.1,46,,50.5,40,,26.1,47,,39.2,34,,39.2,46,,45.2,29,
1351548000,51 ,37.3,54,77 ,46.8,32,51 ,32.2,45,72 ,49.4,32,52 ,29.1,47,68 ,54.4,25,51 ,32.4,46,73 ,51.3,24,50 ,35.9,50,,44.8,27,,33.1,52,,50.5,39,,26.1,51,,39.2,42,
1351461600,52 ,35.2,49,78 ,54.1,30,51 ,37.3,47,76 ,46.8,31,51 ,32.2,45,71 ,49.4,35,52 ,29.1,44,70 ,54.4,29,50 ,32.4,46,,51.3,25,,35.9,51,,44.8,26,,33.1,54,,50.5,35,
1351375200,53 ,35.6,50,84 ,50.1,29,52 ,35.2,44,80 ,54.1,28,52 ,37.3,47,77 ,46.8,30,52 ,32.2,43,70 ,49.4,30,52 ,29.1,43,,54.4,28,,32.4,50,,51.3,27,,35.9,54,,44.8,30,
1351288800,51 ,32.2,53,82 ,50.2,29,51 ,35.6,49,83 ,50.1,30,51 ,35.2,45,79 ,54.1,26,52 ,37.3,48,76 ,46.8,26,52 ,32.2,46,,49.4,27,,29.1,45,,54.4,30,,32.4,50,,51.3,27,
1351202400,48 ,33.2,75,77 ,53.1,44,51 ,32.2,53,82 ,50.2,33,51 ,35.6,48,83 ,50.1,31,51 ,35.2,42,79 ,54.1,26,52 ,37.3,46,,46.8,27,,32.2,45,,49.4,26,,29.1,43,,54.4,27,
1351116000,51 ,52.9,79,74 ,74.4,61,46 ,33.2,76,78 ,53.1,45,50 ,32.2,53,81 ,50.2,34,52 ,35.6,49,84 ,50.1,32,52 ,35.2,42,,54.1,28,,37.3,45,,46.8,26,,32.2,42,,49.4,25,
1351029600,51 ,59.9,69,67 ,79.4,61,51 ,52.9,75,72 ,74.4,58,51 ,33.2,78,78 ,53.1,48,52 ,32.2,53,80 ,50.2,33,53 ,35.6,46,,50.1,28,,35.2,47,,54.1,26,,37.3,48,,46.8,31,
1350943200,51 ,60.7,63,64 ,69.6,60,50 ,59.9,69,67 ,79.4,59,51 ,52.9,75,71 ,74.4,55,48 ,33.2,75,75 ,53.1,47,50 ,32.2,52,,50.2,39,,35.6,42,,50.1,30,,35.2,46,,54.1,33,
1350856800,53 ,53.3,70,62 ,63.1,47,52 ,60.7,67,66 ,69.6,58,47 ,59.9,72,68 ,79.4,61,47 ,52.9,79,71 ,74.4,58,45 ,33.2,78,,53.1,51,,32.2,60,,50.2,42,,35.6,50,,50.1,31,
1350770400,50 ,36.3,57,70 ,70.3,37,53 ,53.3,65,65 ,63.1,46,51 ,60.7,68,69 ,69.6,56,51 ,59.9,73,72 ,79.4,57,50 ,52.9,76,,74.4,59,,33.2,79,,53.1,56,,32.2,65,,50.2,46,
1350684000,52 ,37.2,52,72 ,58.4,40,50 ,36.3,56,70 ,70.3,37,52 ,53.3,65,65 ,63.1,46,51 ,60.7,70,71 ,69.6,56,51 ,59.9,65,,79.4,58,,52.9,68,,74.4,53,,33.2,65,,53.1,40,
1350597600,54 ,43.8,49,80 ,51.4,41,53 ,37.2,48,77 ,58.4,39,52 ,36.3,56,72 ,70.3,36,51 ,53.3,66,70 ,63.1,46,52 ,60.7,69,,69.6,59,,59.9,74,,79.4,60,,52.9,74,,74.4,61,
1350511200,56 ,43.8,65,89 ,52.3,50,56 ,43.8,55,80 ,51.4,42,53 ,37.2,53,78 ,58.4,38,52 ,36.3,55,72 ,70.3,39,51 ,53.3,66,,63.1,47,,60.7,65,,69.6,57,,59.9,61,,79.4,44,
1350424800,54 ,56.6,71,91 ,66,54,53 ,43.8,69,94 ,52.3,48,53 ,43.8,55,78 ,51.4,43,53 ,37.2,54,79 ,58.4,38,52 ,36.3,57,,70.3,40,,53.3,67,,63.1,45,,60.7,70,,69.6,51,
1350338400,54 ,37.3,61,86 ,70.6,39,54 ,56.6,65,92 ,66,52,56 ,43.8,66,94 ,52.3,48,54 ,43.8,55,78 ,51.4,42,53 ,37.2,55,,58.4,40,,36.3,58,,70.3,45,,53.3,59,,63.1,44,
1350252000,53 ,41.6,61,82 ,62,46,54 ,37.3,58,84 ,70.6,38,54 ,56.6,67,93 ,66,50,55 ,43.8,72,93 ,52.3,51,54 ,43.8,57,,51.4,45,,37.2,51,,58.4,37,,36.3,53,,70.3,40,
1350165600,54 ,49.5,61,83 ,68.8,59,54 ,41.6,69,84 ,62,49,54 ,37.3,57,87 ,70.6,40,55 ,56.6,63,90 ,66,53,57 ,43.8,72,,52.3,52,,43.8,57,,51.4,44,,37.2,50,,58.4,38,
1350079200,52 ,44.1,57,76 ,62.3,37,53 ,49.5,59,80 ,68.8,56,53 ,41.6,64,80 ,62,52,53 ,37.3,60,83 ,70.6,39,54 ,56.6,58,,66,48,,43.8,58,,52.3,48,,43.8,59,,51.4,41,
1349992800,50 ,37.3,68,70 ,57,37,51 ,44.1,56,77 ,62.3,37,52 ,49.5,57,78 ,68.8,56,53 ,41.6,75,81 ,62,47,54 ,37.3,64,,70.6,47,,56.6,71,,66,56,,43.8,64,,52.3,49,
1349906400,51 ,33.5,50,67 ,68.1,33,50 ,37.3,63,70 ,57,35,51 ,44.1,57,77 ,62.3,37,52 ,49.5,60,78 ,68.8,56,53 ,41.6,69,,62,47,,37.3,60,,70.6,43,,56.6,70,,66,59,
1349820000,51 ,34.7,66,71 ,53.2,41,49 ,33.5,50,69 ,68.1,34,49 ,37.3,62,70 ,57,37,50 ,44.1,58,79 ,62.3,38,51 ,49.5,57,,68.8,56,,41.6,72,,62,51,,37.3,61,,70.6,46,
1349733600,49 ,44.8,60,73 ,66.3,40,49 ,34.7,62,73 ,53.2,39,49 ,33.5,48,72 ,68.1,32,49 ,37.3,61,73 ,57,35,50 ,44.1,59,,62.3,42,,49.5,64,,68.8,59,,41.6,72,,62,46,
1349647200,49 ,30.1,50,73 ,60.9,26,50 ,44.8,57,73 ,66.3,40,50 ,34.7,63,72 ,53.2,42,49 ,33.5,52,69 ,68.1,36,49 ,37.3,64,,57,39,,44.1,58,,62.3,40,,49.5,56,,68.8,56,
1349560800,52 ,35.8,49,73 ,52.5,31,51 ,30.1,51,70 ,60.9,30,51 ,44.8,57,72 ,66.3,37,52 ,34.7,65,74 ,53.2,42,51 ,33.5,49,,68.1,31,,37.3,62,,57,38,,44.1,60,,62.3,38,
1349474400,52 ,31.8,49,75 ,49.2,33,51 ,35.8,51,75 ,52.5,31,50 ,30.1,51,74 ,60.9,28,50 ,44.8,57,74 ,66.3,37,49 ,34.7,63,,53.2,37,,33.5,54,,68.1,34,,37.3,65,,57,37,
1349388000,53 ,41.5,74,76 ,48.9,49,53 ,31.8,60,76 ,49.2,39,52 ,35.8,51,77 ,52.5,32,51 ,30.1,52,74 ,60.9,30,51 ,44.8,58,,66.3,37,,34.7,65,,53.2,42,,33.5,51,,68.1,31,
1349301600,55 ,51.6,64,79 ,77,51,53 ,41.5,73,79 ,48.9,43,53 ,31.8,58,77 ,49.2,35,52 ,35.8,50,76 ,52.5,31,52 ,30.1,50,,60.9,30,,44.8,57,,66.3,36,,34.7,64,,53.2,43,
1349215200,64 ,59.9,72,84 ,62.9,56,52 ,51.6,67,78 ,77,52,52 ,41.5,73,80 ,48.9,43,51 ,31.8,57,80 ,49.2,39,50 ,35.8,51,,52.5,30,,30.1,51,,60.9,33,,44.8,48,,66.3,32,
1349128800,64 ,53.3,67,97 ,72.1,47,58 ,59.9,70,83 ,62.9,51,52 ,51.6,59,77 ,77,51,51 ,41.5,74,79 ,48.9,51,51 ,31.8,60,,49.2,40,,35.8,50,,52.5,32,,30.1,52,,60.9,31,
1349042400,59 ,47.3,70,97 ,66.8,46,57 ,53.3,69,94 ,72.1,47,55 ,59.9,69,83 ,62.9,53,54 ,51.6,69,82 ,77,47,53 ,41.5,74,,48.9,48,,31.8,54,,49.2,35,,35.8,48,,52.5,30,
1348956000,62 ,47.6,81,97 ,69.9,48,63 ,47.3,67,101 ,66.8,45,64 ,53.3,68,99 ,72.1,47,57 ,59.9,70,84 ,62.9,50,54 ,51.6,73,,77,47,,41.5,73,,48.9,41,,31.8,56,,49.2,33,
1348869600,54 ,45.2,69,90 ,81.1,45,58 ,47.6,72,97 ,69.9,46,62 ,47.3,66,102 ,66.8,44,63 ,53.3,67,97 ,72.1,45,57 ,59.9,72,,62.9,47,,51.6,76,,77,48,,41.5,54,,48.9,39,
1348696800,54 ,48.5,70,84 ,70.1,45,55 ,45.2,66,85 ,81.1,41,57 ,47.6,70,92 ,69.9,43,58 ,47.3,70,94 ,66.8,44,57 ,53.3,65,,72.1,42,,59.9,70,,62.9,50,,51.6,77,,77,50,
1348596000,53 ,56,75,81 ,72,49,54 ,48.5,70,85 ,70.1,43,56 ,45.2,67,87 ,81.1,44,58 ,47.6,69,92 ,69.9,42,60 ,47.3,71,,66.8,45,,53.3,71,,72.1,44,,59.9,73,,62.9,49,
1348524000,53 ,49.2,72,83 ,79,52,53 ,56,79,80 ,72,52,54 ,48.5,72,88 ,70.1,47,57 ,45.2,69,89 ,81.1,46,58 ,47.6,69,,69.9,44,,47.3,68,,66.8,44,,53.3,68,,72.1,43,
1348437600,53 ,35.3,60,83 ,72.7,36,53 ,49.2,66,83 ,79,45,53 ,56,72,81 ,72,50,53 ,48.5,69,83 ,70.1,44,60 ,45.2,62,,81.1,50,,47.6,64,,69.9,45,,47.3,64,,66.8,44,
1348351200,51 ,38.3,59,83 ,62.4,37,52 ,35.3,58,83 ,72.7,35,53 ,49.2,66,81 ,79,44,53 ,56,75,81 ,72,47,53 ,48.5,68,,70.1,45,,45.2,70,,81.1,53,,47.6,68,,69.9,53,
1348264800,52 ,44.6,56,84 ,61.2,45,54 ,38.3,54,83 ,62.4,36,53 ,35.3,56,82 ,72.7,35,53 ,49.2,63,80 ,79,43,52 ,56,72,,72,51,,48.5,65,,70.1,44,,45.2,68,,81.1,55,
1348178400,49 ,46,72,78 ,59.3,47,52 ,44.6,63,82 ,61.2,46,53 ,38.3,54,78 ,62.4,38,52 ,35.3,57,81 ,72.7,37,52 ,49.2,65,,79,47,,56,74,,72,50,,48.5,65,,70.1,44,
1348092000,54 ,49.5,74,76 ,72.3,50,53 ,46,68,82 ,59.3,46,54 ,44.6,59,80 ,61.2,46,54 ,38.3,56,73 ,62.4,36,53 ,35.3,58,,72.7,35,,49.2,68,,79,46,,56,75,,72,51,
1348005600,54 ,40.2,64,74 ,74.2,40,54 ,49.5,68,79 ,72.3,49,54 ,46,67,83 ,59.3,47,54 ,44.6,63,83 ,61.2,43,54 ,38.3,61,,62.4,38,,35.3,62,,72.7,39,,49.2,73,,79,51,
1347919200,51 ,47.4,81,82 ,65,55,54 ,40.2,61,82 ,74.2,40,52 ,49.5,67,83 ,72.3,47,53 ,46,71,83 ,59.3,49,54 ,44.6,59,,61.2,43,,38.3,56,,62.4,37,,35.3,62,,72.7,41,
1347832800,53 ,54.1,79,80 ,79.6,56,52 ,47.4,76,81 ,65,54,54 ,40.2,60,83 ,74.2,42,53 ,49.5,67,83 ,72.3,48,55 ,46,70,,59.3,50,,44.6,64,,61.2,47,,38.3,72,,62.4,45,
1347746400,55 ,49.4,80,85 ,78.3,53,54 ,54.1,76,82 ,79.6,56,54 ,47.4,77,83 ,65,52,54 ,40.2,58,83 ,74.2,40,54 ,49.5,65,,72.3,50,,46,69,,59.3,48,,44.6,60,,61.2,44,
1347645600,56 ,49.1,73,86 ,82,47,55 ,49.4,75,86 ,78.3,49,54 ,54.1,75,84 ,79.6,51,54 ,47.4,75,83 ,65,51,54 ,40.2,57,,74.2,40,,49.5,66,,72.3,49,,46,70,,59.3,50,
1347573600,56 ,49.9,66,86 ,76.8,51,56 ,49.1,71,86 ,82,47,55 ,49.4,74,85 ,78.3,49,54 ,54.1,73,83 ,79.6,50,54 ,47.4,74,,65,55,,40.2,58,,74.2,41,,49.5,65,,72.3,49,
1347487200,55 ,56.5,88,88 ,72.7,61,56 ,49.9,75,86 ,76.8,52,56 ,49.1,70,86 ,82,48,55 ,49.4,71,84 ,78.3,48,54 ,54.1,71,,79.6,50,,47.4,73,,65,53,,40.2,58,,74.2,40,
1347400800,52 ,59,85,83 ,88.2,61,55 ,56.5,86,86 ,72.7,60,56 ,49.9,74,86 ,76.8,58,56 ,49.1,67,86 ,82,50,55 ,49.4,70,,78.3,48,,54.1,72,,79.6,51,,47.4,72,,65,57,
1347314400,49 ,52.8,78,82 ,84.9,55,52 ,59,82,84 ,88.2,58,55 ,56.5,84,87 ,72.7,60,55 ,49.9,78,88 ,76.8,59,56 ,49.1,62,,82,49,,49.4,66,,78.3,48,,54.1,69,,79.6,50,
1347228000,54 ,49.4,76,83 ,79.4,50,55 ,52.8,74,82 ,84.9,52,56 ,59,80,83 ,88.2,55,55 ,56.5,83,87 ,72.7,57,56 ,49.9,83,,76.8,57,,49.1,66,,82,55,,49.4,64,,78.3,54,
1347141600,56 ,54.1,73,81 ,75.4,53,54 ,49.4,67,85 ,79.4,46,55 ,52.8,74,83 ,84.9,50,55 ,59,80,85 ,88.2,55,55 ,56.5,83,,72.7,58,,49.9,83,,76.8,57,,49.1,69,,82,57,
1347055200,56 ,53.1,77,83 ,74,59,55 ,54.1,69,82 ,75.4,53,55 ,49.4,68,84 ,79.4,48,54 ,52.8,72,84 ,84.9,51,55 ,59,76,,88.2,56,,56.5,81,,72.7,57,,49.9,81,,76.8,61,
1346954400,55,64.3,85,75,77.6,63,55,53.1,74,75,74,57,55,54.1,67,75,75.4,50,55,49.4,73,75,79.4,49,55,52.8,76,,84.9,56,,59,81,,88.2,57,,56.5,82,,72.7,58,
1346882400,57 ,65.2,85,85 ,88,66,56 ,64.3,80,86 ,77.6,62,56 ,53.1,78,85 ,74,56,55 ,54.1,68,85 ,75.4,50,55 ,49.4,69,,79.4,48,,52.8,73,,84.9,50,,59,78,,88.2,56,
1346709600,54 ,62.7,94,88 ,86.7,74,54 ,65.2,91,86 ,88,71,55 ,64.3,87,84 ,77.6,64,55 ,53.1,80,83 ,74,58,56 ,54.1,75,,75.4,56,,49.4,72,,79.4,49,,52.8,75,,84.9,51,
1346623200,55 ,70.4,81,89 ,92.7,69,54 ,62.7,86,87 ,86.7,68,54 ,65.2,87,84 ,88,67,55 ,64.3,86,83 ,77.6,62,55 ,53.1,78,,74,61,,54.1,79,,75.4,59,,49.4,71,,79.4,52,
1346536800,55 ,73.2,74,88 ,84,67,57 ,70.4,77,88 ,92.7,63,56 ,62.7,82,87 ,86.7,63,56 ,65.2,82,85 ,88,66,55 ,64.3,81,,77.6,63,,53.1,77,,74,57,,54.1,73,,75.4,58,
1346450400,53 ,69.1,94,82 ,73.7,72,55 ,73.2,79,91 ,84,68,57 ,70.4,77,92 ,92.7,68,57 ,62.7,82,90 ,86.7,69,56 ,65.2,83,,88,70,,64.3,82,,77.6,61,,53.1,72,,74,54,
1346364000,55 ,66,92,80 ,92.7,70,54 ,69.1,92,81 ,73.7,73,55 ,73.2,77,88 ,84,71,57 ,70.4,80,91 ,92.7,68,59 ,62.7,80,,86.7,66,,65.2,82,,88,63,,64.3,79,,77.6,61,
1346277600,56 ,64.5,89,84 ,93.2,67,55 ,66,90,76 ,92.7,70,55 ,69.1,91,80 ,73.7,72,55 ,73.2,75,86 ,84,71,55 ,70.4,80,,92.7,68,,62.7,80,,86.7,69,,65.2,80,,88,65,
1346191200,55 ,62.9,91,84 ,88.4,63,55 ,64.5,84,84 ,93.2,62,56 ,66,88,78 ,92.7,66,55 ,69.1,88,79 ,73.7,70,55 ,73.2,75,,84,70,,70.4,77,,92.7,69,,62.7,78,,86.7,65,
1346104800,56 ,59.6,90,83 ,91,63,56 ,62.9,84,82 ,88.4,62,55 ,64.5,83,83 ,93.2,62,56 ,66,86,78 ,92.7,63,55 ,69.1,81,,73.7,67,,73.2,75,,84,64,,70.4,80,,92.7,60,
1346018400,54 ,65.8,74,85 ,91,70,56 ,59.6,83,86 ,91,64,56 ,62.9,81,85 ,88.4,61,56 ,64.5,81,85 ,93.2,62,56 ,66,85,,92.7,65,,69.1,85,,73.7,68,,73.2,73,,84,69,
1345932000,56 ,67.6,95,77 ,77,68,54 ,65.8,83,84 ,91,70,55 ,59.6,86,85 ,91,63,55 ,62.9,83,85 ,88.4,58,56 ,64.5,81,,93.2,57,,66,85,,92.7,61,,69.1,82,,73.7,68,
1345845600,55 ,65.5,98,79 ,95.6,63,55 ,67.6,86,79 ,77,65,56 ,65.8,70,83 ,91,65,56 ,59.6,80,85 ,91,60,56 ,62.9,81,,88.4,58,,64.5,80,,93.2,59,,66,84,,92.7,63,
1345759200,55 ,66.6,96,84 ,97.8,69,55 ,65.5,90,83 ,95.6,66,55 ,67.6,88,80 ,77,65,56 ,65.8,80,85 ,91,63,56 ,59.6,82,,91,60,,62.9,81,,88.4,59,,64.5,81,,93.2,63,
1345658400,56 ,66,83,84 ,95.4,61,56 ,66.6,85,83 ,97.8,64,56 ,65.5,89,81 ,95.6,63,56 ,67.6,87,83 ,77,67,56 ,65.8,83,,91,64,,59.6,82,,91,60,,62.9,79,,88.4,55,
1345586400,56 ,53.9,85,83 ,89.3,57,56 ,66,82,82 ,95.4,58,56 ,66.6,80,81 ,97.8,62,55 ,65.5,85,81 ,95.6,63,56 ,67.6,85,,77,66,,65.8,86,,91,67,,59.6,83,,91,60,
1345500000,56 ,53.8,73,86 ,83.8,55,56 ,53.9,76,82 ,89.3,53,56 ,66,81,82 ,95.4,57,56 ,66.6,83,83 ,97.8,59,56 ,65.5,84,,95.6,60,,67.6,85,,77,66,,65.8,83,,91,68,
1345413600,55 ,56,82,86 ,79.4,57,56 ,53.8,74,84 ,83.8,54,56 ,53.9,75,84 ,89.3,52,56 ,66,78,83 ,95.4,53,56 ,66.6,82,,97.8,61,,65.5,78,,95.6,61,,67.6,78,,77,65,
1345327200,56 ,56.7,77,86 ,82.6,58,56 ,56,73,85 ,79.4,54,56 ,53.8,74,84 ,83.8,52,56 ,53.9,76,84 ,89.3,52,56 ,66,79,,95.4,54,,66.6,81,,97.8,58,,65.5,82,,95.6,62,
1345240800,57 ,52.3,78,86 ,80.3,53,56 ,56.7,76,86 ,82.6,55,56 ,56,77,87 ,79.4,55,56 ,53.8,73,83 ,83.8,53,56 ,53.9,76,,89.3,53,,66,79,,95.4,54,,66.6,82,,97.8,59,
1345154400,57 ,53.8,75,89 ,79,56,57 ,52.3,73,88 ,80.3,52,56 ,56.7,74,87 ,82.6,53,56 ,56,75,90 ,79.4,53,56 ,53.8,77,,83.8,56,,53.9,79,,89.3,58,,66,82,,95.4,65,
1345068000,56 ,66.1,86,89 ,74.6,66,56 ,53.8,75,89 ,79,57,59 ,52.3,72,89 ,80.3,53,56 ,56.7,74,88 ,82.6,53,56 ,56,74,,79.4,51,,53.8,73,,83.8,51,,53.9,79,,89.3,54,
1344981600,59 ,62.7,82,90 ,88,61,56 ,66.1,80,89 ,74.6,61,56 ,53.8,75,89 ,79,57,58 ,52.3,72,89 ,80.3,52,56 ,56.7,74,,82.6,54,,56,74,,79.4,51,,53.8,75,,83.8,53,
1344895200,61 ,55.9,67,91 ,84.9,59,59 ,62.7,79,90 ,88,57,56 ,66.1,81,88 ,74.6,61,56 ,53.8,83,90 ,79,62,57 ,52.3,73,,80.3,54,,56.7,74,,82.6,54,,56,75,,79.4,57,
1344808800,60 ,62.4,78,91 ,65.6,58,63 ,55.9,70,92 ,84.9,58,62 ,62.7,77,90 ,88,56,56 ,66.1,79,88 ,74.6,61,57 ,53.8,71,,79,55,,52.3,68,,80.3,49,,56.7,67,,82.6,46,
1344722400,57 ,56.5,83,93 ,76.1,60,58 ,62.4,81,92 ,65.6,60,57 ,55.9,75,91 ,84.9,60,57 ,62.7,78,87 ,88,57,56 ,66.1,81,,74.6,61,,53.8,76,,79,60,,52.3,69,,80.3,51,
1344636000,61 ,54.2,79,95 ,83,58,60 ,56.5,78,93 ,76.1,55,58 ,62.4,80,91 ,65.6,60,56 ,55.9,69,89 ,84.9,59,56 ,62.7,77,,88,57,,66.1,80,,74.6,58,,53.8,81,,79,63,
1344549600,59 ,60.7,78,92 ,78.6,62,61 ,54.2,73,92 ,83,58,60 ,56.5,76,89 ,76.1,58,56 ,62.4,80,87 ,65.6,62,55 ,55.9,70,,84.9,59,,62.7,79,,88,60,,66.1,80,,74.6,65,
1344448800,57 ,64.8,89,93 ,78.5,67,58 ,60.7,77,92 ,78.6,66,58 ,54.2,75,92 ,83,58,59 ,56.5,75,91 ,76.1,58,56 ,62.4,80,,65.6,61,,55.9,75,,84.9,59,,62.7,80,,88,62,
1344290400,55 ,70.9,88,82 ,86.7,63,56 ,64.8,87,92 ,78.5,63,57 ,60.7,82,93 ,78.6,66,62 ,54.2,79,94 ,83,58,63 ,56.5,73,,76.1,53,,62.4,77,,65.6,57,,55.9,81,,84.9,60,
1344189600,56 ,58.9,83,86 ,88.2,58,56 ,70.9,84,88 ,86.7,59,57 ,64.8,87,91 ,78.5,63,56 ,60.7,86,92 ,78.6,64,57 ,54.2,83,,83,60,,56.5,79,,76.1,57,,62.4,76,,65.6,54,
1344117600,55 ,65.8,94,81 ,85.9,71,56 ,58.9,80,87 ,88.2,61,56 ,70.9,82,88 ,86.7,61,56 ,64.8,84,91 ,78.5,64,56 ,60.7,85,,78.6,67,,54.2,76,,83,62,,56.5,73,,76.1,56,
1344031200,55 ,71.3,98,82 ,95.4,73,55 ,65.8,91,82 ,85.9,71,55 ,58.9,77,87 ,88.2,59,55 ,70.9,82,87 ,86.7,62,55 ,64.8,84,,78.5,64,,60.7,83,,78.6,61,,54.2,85,,83,64,
1343944800,56 ,68.4,95,84 ,98.2,73,55 ,71.3,89,82 ,95.4,70,55 ,65.8,92,83 ,85.9,71,55 ,58.9,84,86 ,88.2,65,55 ,70.9,84,,86.7,63,,64.8,86,,78.5,65,,60.7,87,,78.6,66,
1343858400,56 ,66,91,90 ,94.7,71,56 ,68.4,90,84 ,98.2,71,55 ,71.3,91,82 ,95.4,68,56 ,65.8,91,83 ,85.9,68,56 ,58.9,81,,88.2,60,,70.9,84,,86.7,60,,64.8,85,,78.5,61,
1343772000,55 ,65,91,88 ,92.7,67,55 ,66,88,90 ,94.7,68,56 ,68.4,94,85 ,98.2,71,56 ,71.3,91,82 ,95.4,69,56 ,65.8,92,,85.9,72,,58.9,81,,88.2,62,,70.9,81,,86.7,60,
1343599200,54 ,67.8,87,89 ,90.1,70,56 ,65,89,86 ,92.7,70,55 ,66,88,87 ,94.7,65,56 ,68.4,87,88 ,98.2,66,56 ,71.3,91,,95.4,71,,65.8,91,,85.9,71,,58.9,90,,88.2,74,
1343498400,55 ,61.3,85,85 ,87.4,63,55 ,67.8,81,92 ,90.1,65,56 ,65,89,89 ,92.7,67,55 ,66,85,90 ,94.7,68,56 ,68.4,86,,98.2,67,,71.3,85,,95.4,66,,65.8,82,,85.9,59,
1343412000,54 ,65.8,83,85 ,87.2,63,55 ,61.3,84,85 ,87.4,62,55 ,67.8,86,91 ,90.1,66,55 ,65,88,90 ,92.7,68,55 ,66,86,,94.7,65,,68.4,85,,98.2,64,,71.3,80,,95.4,58,
1343340000,53 ,66.3,87,81 ,87.2,70,53 ,65.8,83,87 ,87.2,63,55 ,61.3,82,86 ,87.4,60,55 ,67.8,85,88 ,90.1,63,55 ,65,86,,92.7,67,,66,85,,94.7,64,,68.4,83,,98.2,63,
1343253600,52 ,71.8,101,81 ,90.7,76,52 ,66.3,85,81 ,87.2,70,53 ,65.8,84,88 ,87.2,65,55 ,61.3,82,87 ,87.4,63,55 ,67.8,85,,90.1,66,,65,84,,92.7,69,,66,87,,94.7,69,
1343167200,53 ,70.4,85,81 ,100.2,72,52 ,71.8,91,81 ,90.7,73,53 ,66.3,85,82 ,87.2,69,53 ,65.8,84,85 ,87.2,62,54 ,61.3,83,,87.4,61,,67.8,85,,90.1,67,,65,86,,92.7,67,
1342980000,58 ,68.9,91,85 ,87.4,74,56 ,70.4,92,84 ,100.2,72,55 ,71.8,83,78 ,90.7,71,52 ,66.3,84,79 ,87.2,72,52 ,65.8,83,,87.2,66,,61.3,83,,87.4,69,,67.8,84,,90.1,65,
1342908000,58 ,68.3,89,88 ,92.5,70,57 ,68.9,88,87 ,87.4,70,55 ,70.4,94,86 ,100.2,74,54 ,71.8,87,80 ,90.7,70,53 ,66.3,82,,87.2,65,,65.8,77,,87.2,68,,61.3,85,,87.4,68,
1342821600,55 ,61.5,85,92 ,87.6,63,57 ,68.3,90,88 ,92.5,70,57 ,68.9,91,87 ,87.4,69,55 ,70.4,95,82 ,100.2,73,54 ,71.8,85,,90.7,71,,66.3,81,,87.2,73,,65.8,83,,87.2,75,
1342735200,54 ,70.4,88,85 ,85.7,69,55 ,61.5,82,90 ,87.6,62,57 ,68.3,88,88 ,92.5,66,58 ,68.9,89,87 ,87.4,68,57 ,70.4,87,,100.2,71,,71.8,82,,90.7,62,,66.3,81,,87.2,65,
1342634400,53 ,71.1,91,81 ,89,71,54 ,70.4,84,86 ,85.7,64,56 ,61.5,83,90 ,87.6,61,56 ,68.3,88,88 ,92.5,65,58 ,68.9,92,,87.4,68,,70.4,91,,100.2,69,,71.8,92,,90.7,71,
1342562400,53 ,75.3,100,79 ,97.1,74,53 ,71.1,85,82 ,89,71,56 ,70.4,85,87 ,85.7,65,57 ,61.5,84,87 ,87.6,61,57 ,68.3,88,,92.5,66,,68.9,92,,87.4,69,,70.4,94,,100.2,70,
1342476000,54 ,75.3,99,74 ,99.9,76,53 ,75.3,95,78 ,97.1,73,53 ,71.1,86,83 ,89,69,56 ,70.4,83,88 ,85.7,65,58 ,61.5,84,,87.6,63,,68.3,85,,92.5,62,,68.9,89,,87.4,65,
1342389600,54 ,72.5,95,75 ,98.7,69,53 ,75.3,88,76 ,99.9,71,53 ,75.3,96,79 ,97.1,72,54 ,71.1,86,83 ,89,62,55 ,70.4,87,,85.7,63,,61.5,89,,87.6,65,,68.3,90,,92.5,67,
1342303200,52 ,68.3,93,85 ,95.4,68,53 ,72.5,86,80 ,98.7,69,50 ,75.3,90,75 ,99.9,70,51 ,75.3,94,77 ,97.1,67,52 ,71.1,84,,89,61,,70.4,85,,85.7,63,,61.5,88,,87.6,63,
1342216800,53 ,70.6,95,79 ,91.6,68,53 ,68.3,79,81 ,95.4,69,54 ,72.5,89,77 ,98.7,69,51 ,75.3,88,77 ,99.9,69,52 ,75.3,90,,97.1,70,,71.1,84,,89,64,,70.4,85,,85.7,65,
1342130400,57 ,69.4,93,87 ,94.9,65,54 ,70.6,87,80 ,91.6,66,53 ,68.3,88,79 ,95.4,68,53 ,72.5,86,79 ,98.7,67,52 ,75.3,87,,99.9,68,,75.3,92,,97.1,70,,71.1,87,,89,68,
1342044000,55 ,65.8,89,93 ,93.4,63,55 ,69.4,88,90 ,94.9,62,54 ,70.6,89,82 ,91.6,65,53 ,68.3,87,80 ,95.4,66,53 ,72.5,86,,98.7,68,,75.3,86,,99.9,70,,75.3,88,,97.1,71,
1341957600,57 ,63.4,85,96 ,90.1,61,56 ,65.8,86,92 ,93.4,61,55 ,69.4,87,89 ,94.9,63,54 ,70.6,88,80 ,91.6,64,53 ,68.3,89,,95.4,67,,72.5,88,,98.7,71,,75.3,91,,99.9,70,
1341871200,52 ,68.9,90,91 ,73,61,56 ,63.4,80,92 ,90.1,56,55 ,65.8,83,85 ,93.4,60,57 ,69.4,86,85 ,94.9,62,54 ,70.6,87,,91.6,63,,68.3,89,,95.4,65,,72.5,87,,98.7,68,
1341784800,53 ,64.3,90,89 ,91.8,64,56 ,68.9,86,93 ,73,61,59 ,63.4,83,95 ,90.1,60,56 ,65.8,83,87 ,93.4,60,55 ,69.4,84,,94.9,61,,70.6,85,,91.6,63,,68.3,87,,95.4,64,
1341698400,54 ,73.5,98,89 ,89,71,52 ,64.3,85,89 ,91.8,63,53 ,68.9,86,92 ,73,61,58 ,63.4,82,91 ,90.1,60,55 ,65.8,84,,93.4,60,,69.4,84,,94.9,60,,70.6,86,,91.6,62,
1341612000,53 ,77.6,105,90 ,82.6,82,53 ,73.5,96,88 ,89,71,53 ,64.3,85,90 ,91.8,62,55 ,68.9,85,92 ,73,61,57 ,63.4,82,,90.1,59,,65.8,82,,93.4,59,,69.4,86,,94.9,60,
1341511200,51 ,79,100,85 ,104.1,73,54 ,77.6,95,89 ,82.6,74,55 ,73.5,97,89 ,89,68,56 ,64.3,80,93 ,91.8,59,57 ,68.9,82,,73,60,,63.4,82,,90.1,60,,65.8,83,,93.4,61,
1341439200,50 ,74.4,103,83 ,102.8,78,52 ,79,98,85 ,104.1,76,53 ,77.6,96,89 ,82.6,74,55 ,73.5,90,90 ,89,66,56 ,64.3,80,,91.8,57,,68.9,83,,73,61,,63.4,84,,90.1,62,
1341352800,51 ,74.9,97,87 ,102.3,76,51 ,74.4,98,85 ,102.8,72,54 ,79,94,88 ,104.1,73,54 ,77.6,90,88 ,82.6,73,54 ,73.5,84,,89,66,,64.3,79,,91.8,60,,68.9,82,,73,60,
1341165600,71 ,73,96,95 ,96.1,75,74 ,74.9,94,98 ,102.3,75,76 ,74.4,94,95 ,102.8,74,76 ,79,94,95 ,104.1,73,75 ,77.6,90,,82.6,72,,73.5,93,,89,74,,64.3,90,,91.8,67,
1341079200,70 ,68.8,91,93 ,91,69,72 ,73,93,96 ,96.1,71,74 ,74.9,95,95 ,102.3,71,77 ,74.4,94,94 ,102.8,73,75 ,79,94,,104.1,74,,77.6,91,,82.6,74,,73.5,94,,89,71,
1340748000,58 ,68.6,86,92 ,91.2,61,73 ,68.8,92,101 ,91,66,75 ,73,95,95 ,96.1,66,76 ,74.9,78,94 ,102.3,69,72 ,74.4,88,,102.8,70,,79,85,,104.1,66,,77.6,84,,82.6,69,
1340647200,51 ,56.7,79,83 ,88,53,57 ,68.6,84,93 ,91.2,56,74 ,68.8,90,100 ,91,63,77 ,73,91,95 ,96.1,65,72 ,74.9,78,,102.3,65,,74.4,86,,102.8,68,,79,87,,104.1,67,
1340575200,56 ,62.6,93,74 ,78.3,61,53 ,56.7,78,81 ,88,53,58 ,68.6,84,89 ,91.2,56,74 ,68.8,90,99 ,91,62,77 ,73,96,,96.1,70,,74.9,89,,102.3,67,,74.4,88,,102.8,70,
1340474400,63 ,65.2,87,88 ,94.5,66,56 ,62.6,87,75 ,78.3,58,54 ,56.7,77,82 ,88,55,62 ,68.6,83,91 ,91.2,57,73 ,68.8,90,,91,64,,73,87,,96.1,66,,74.9,86,,102.3,64,
1340373600,57 ,59.8,83,85 ,87.4,59,66 ,65.2,85,85 ,94.5,61,60 ,62.6,81,74 ,78.3,58,57 ,56.7,76,78 ,88,54,59 ,68.6,80,,91.2,56,,68.8,87,,91,65,,73,88,,96.1,66,
1340301600,61 ,60.1,80,82 ,87.2,62,59 ,59.8,82,83 ,87.4,58,64 ,65.2,84,86 ,94.5,60,61 ,62.6,83,74 ,78.3,60,55 ,56.7,72,,88,51,,68.6,76,,91.2,54,,68.8,81,,91,59,
1340229600,75 ,72.5,93,84 ,84.9,71,61 ,60.1,82,82 ,87.2,62,61 ,59.8,82,83 ,87.4,59,67 ,65.2,83,85 ,94.5,59,62 ,62.6,86,,78.3,57,,56.7,71,,88,52,,68.6,70,,91.2,48,
1340143200,73 ,73.3,94,93 ,94,71,73 ,72.5,91,84 ,84.9,71,63 ,60.1,83,83 ,87.2,62,64 ,59.8,82,83 ,87.4,60,67 ,65.2,84,,94.5,64,,62.6,85,,78.3,65,,56.7,79,,88,58,
1340056800,74 ,74.6,93,94 ,94.7,72,74 ,73.3,92,92 ,94,69,72 ,72.5,92,84 ,84.9,72,66 ,60.1,84,83 ,87.2,62,66 ,59.8,84,,87.4,61,,65.2,88,,94.5,62,,62.6,92,,78.3,60,
1339970400,68 ,67.6,88,95 ,92.7,70,74 ,74.6,91,95 ,94.7,71,73 ,73.3,93,92 ,94,68,73 ,72.5,91,85 ,84.9,70,66 ,60.1,83,,87.2,67,,59.8,83,,87.4,67,,65.2,85,,94.5,67,
1339884000,69 ,67.4,93,87 ,88.4,69,69 ,67.6,82,96 ,92.7,66,74 ,74.6,84,96 ,94.7,68,75 ,73.3,90,92 ,94,68,73 ,72.5,90,,84.9,68,,60.1,85,,87.2,66,,59.8,86,,87.4,63,
1339797600,67 ,68.9,95,92 ,93.2,67,69 ,67.4,85,88 ,88.4,69,69 ,67.6,83,94 ,92.7,67,72 ,74.6,84,94 ,94.7,69,73 ,73.3,90,,94,68,,72.5,91,,84.9,68,,60.1,89,,87.2,68,
1339711200,59 ,60.5,88,92 ,96.8,61,65 ,68.9,91,93 ,93.2,62,69 ,67.4,93,85 ,88.4,68,69 ,67.6,88,90 ,92.7,70,70 ,74.6,86,,94.7,69,,73.3,87,,94,68,,72.5,90,,84.9,68,
1339624800,53 ,55.6,76,85 ,88.6,54,59 ,60.5,86,91 ,96.8,57,65 ,68.9,92,92 ,93.2,62,72 ,67.4,92,88 ,88.4,64,69 ,67.6,88,,92.7,67,,74.6,86,,94.7,67,,73.3,86,,94,66,
1339538400,52 ,51,78,74 ,74.9,49,56 ,55.6,80,81 ,88.6,54,59 ,60.5,86,88 ,96.8,57,66 ,68.9,87,90 ,93.2,60,70 ,67.4,92,,88.4,65,,67.6,93,,92.7,65,,74.6,92,,94.7,68,
1339452000,60 ,61.5,88,75 ,78.3,61,53 ,51,76,74 ,74.9,49,54 ,55.6,78,80 ,88.6,51,59 ,60.5,84,85 ,96.8,55,64 ,68.9,88,,93.2,58,,67.4,87,,88.4,62,,67.6,87,,92.7,62,
1339365600,69 ,67.8,93,87 ,88.4,65,62 ,61.5,86,77 ,78.3,61,53 ,51,75,77 ,74.9,51,57 ,55.6,77,79 ,88.6,52,60 ,60.5,81,,96.8,53,,68.9,83,,93.2,56,,67.4,85,,88.4,59,
1339279200,64 ,65.5,92,91 ,92.1,64,70 ,67.8,91,86 ,88.4,69,63 ,61.5,86,78 ,78.3,66,56 ,51,75,75 ,74.9,56,53 ,55.6,74,,88.6,56,,60.5,79,,96.8,57,,68.9,81,,93.2,61,
1336226400,54 ,59.3,71,79 ,91.8,53,62 ,65.5,76,69 ,92.1,58,49 ,67.8,67,67 ,88.4,54,49 ,61.5,67,63 ,78.3,47,45 ,51,59,,74.9,43,,55.6,66,,88.6,45,,60.5,68,,96.8,52,
1336168800,54 ,57,76,75 ,65.8,56,54 ,59.3,73,77 ,91.8,57,58 ,65.5,79,68 ,92.1,55,51 ,67.8,75,68 ,88.4,56,48 ,61.5,67,,78.3,48,,51,64,,74.9,45,,55.6,70,,88.6,48,
1336082400,64 ,61.6,86,78 ,76.3,68,55 ,57,76,74 ,65.8,62,55 ,59.3,70,72 ,91.8,54,58 ,65.5,70,70 ,92.1,54,50 ,67.8,64,,88.4,49,,61.5,67,,78.3,47,,51,64,,74.9,43,
1335996000,66 ,67.1,79,85 ,85.9,65,63 ,61.6,85,80 ,76.3,66,55 ,57,75,74 ,65.8,54,55 ,59.3,75,70 ,91.8,56,54 ,65.5,76,,92.1,60,,67.8,70,,88.4,54,,61.5,70,,78.3,49,
1335909600,63 ,58.1,62,83 ,80.3,55,65 ,67.1,82,85 ,85.9,65,65 ,61.6,88,81 ,76.3,65,60 ,57,78,75 ,65.8,57,54 ,59.3,77,,91.8,59,,65.5,69,,92.1,54,,67.8,62,,88.4,53,
1335823200,50 ,48.8,60,76 ,62.4,48,62 ,58.1,76,84 ,80.3,60,66 ,67.1,83,84 ,85.9,61,64 ,61.6,91,80 ,76.3,64,61 ,57,76,,65.8,64,,59.3,72,,91.8,50,,65.5,67,,92.1,46,
1335722400,51 ,48.6,66,66 ,60.1,47,49 ,48.8,63,77 ,62.4,47,62 ,58.1,69,83 ,80.3,58,66 ,67.1,82,80 ,85.9,64,61 ,61.6,87,,76.3,67,,57,79,,65.8,63,,59.3,76,,91.8,61,
1335650400,37 ,40.6,51,60 ,58.7,36,49 ,48.6,58,66 ,60.1,43,48 ,48.8,64,77 ,62.4,53,62 ,58.1,62,80 ,80.3,58,63 ,67.1,82,,85.9,63,,61.6,76,,76.3,62,,57,72,,65.8,50,
1335564000,41 ,41.6,57,49 ,51.4,37,38 ,40.6,47,57 ,58.7,40,42 ,48.6,60,58 ,60.1,42,48 ,48.8,53,69 ,62.4,51,58 ,58.1,70,,80.3,58,,67.1,75,,85.9,64,,61.6,75,,76.3,64,
1335477600,34 ,31.8,59,55 ,56.3,32,40 ,41.6,59,47 ,51.4,39,38 ,40.6,47,56 ,58.7,36,42 ,48.6,55,61 ,60.1,43,49 ,48.8,66,,62.4,54,,58.1,68,,80.3,61,,67.1,78,,85.9,64,
1335391200,48 ,45.7,67,58 ,58.9,48,35 ,31.8,63,52 ,56.3,38,39 ,41.6,54,49 ,51.4,38,38 ,40.6,43,54 ,58.7,34,39 ,48.6,56,,60.1,35,,48.8,61,,62.4,41,,58.1,70,,80.3,53,
1335218400,37 ,46.4,60,65 ,66.4,37,46 ,45.7,63,69 ,58.9,42,48 ,31.8,73,59 ,56.3,51,38 ,41.6,62,53 ,51.4,42,40 ,40.6,60,,58.7,43,,48.6,45,,60.1,34,,48.8,39,,62.4,27,
1335132000,31 ,36.6,54,57 ,62.3,32,39 ,46.4,55,64 ,66.4,34,46 ,45.7,60,65 ,58.9,36,43 ,31.8,70,55 ,56.3,47,36 ,41.6,56,,51.4,34,,40.6,51,,58.7,36,,48.6,52,,60.1,32,
1335045600,38 ,38.9,53,55 ,54.8,35,34 ,36.6,51,59 ,62.3,32,40 ,46.4,56,67 ,66.4,35,49 ,45.7,67,64 ,58.9,50,42 ,31.8,66,,56.3,38,,41.6,49,,51.4,28,,40.6,53,,58.7,32,
1334959200,34 ,34.6,46,55 ,55.3,33,37 ,38.9,57,54 ,54.8,38,36 ,36.6,55,59 ,62.3,34,41 ,46.4,55,64 ,66.4,36,47 ,45.7,64,,58.9,47,,31.8,59,,56.3,41,,41.6,54,,51.4,34,
1334858400,49 ,42.9,70,54 ,48.2,52,35 ,34.6,55,54 ,55.3,35,37 ,38.9,57,57 ,54.8,37,39 ,36.6,53,59 ,62.3,37,40 ,46.4,57,,66.4,38,,45.7,66,,58.9,40,,31.8,77,,56.3,56,
1334786400,52 ,47.4,71,68 ,67.8,52,46 ,42.9,67,52 ,48.2,48,37 ,34.6,51,53 ,55.3,41,37 ,38.9,57,55 ,54.8,38,38 ,36.6,55,,62.3,34,,46.4,56,,66.4,36,,45.7,61,,58.9,44,
1334527200,56 ,40.2,76,60 ,73.5,61,35 ,47.4,63,59 ,67.8,39,41 ,42.9,62,68 ,48.2,42,47 ,34.6,68,60 ,55.3,44,42 ,38.9,61,,54.8,43,,36.6,55,,62.3,35,,46.4,52,,66.4,34,
1334440800,60 ,58.9,66,80 ,75.6,57,54 ,40.2,73,60 ,73.5,59,36 ,47.4,61,59 ,67.8,36,41 ,42.9,57,65 ,48.2,38,47 ,34.6,65,,55.3,43,,38.9,58,,54.8,34,,36.6,36,,62.3,27,
1334354400,52 ,51.1,66,70 ,66.4,49,62 ,58.9,65,80 ,75.6,53,56 ,40.2,69,62 ,73.5,57,39 ,47.4,63,55 ,67.8,39,39 ,42.9,61,,48.2,41,,34.6,67,,55.3,50,,38.9,72,,54.8,56,
1334268000,35,41.9,64,65,64.3,36,55,51.1,65,70,66.4,48,65,58.9,67,75,75.6,58,55,40.2,71,65,73.5,59,45,47.4,70,,67.8,42,,42.9,57,,48.2,33,,34.6,62,,55.3,41,
1334181600,25,29.5,54,55,65.5,30,45,41.9,60,65,64.3,36,55,51.1,63,65,66.4,45,60,58.9,66,65,75.6,56,45,40.2,69,,73.5,45,,47.4,64,,67.8,56,,42.9,66,,48.2,45,
1334095200,30 ,30,46,51 ,57.2,26,33 ,29.5,53,58 ,65.5,28,39 ,41.9,60,64 ,64.3,37,53 ,51.1,50,69 ,66.4,48,59 ,58.9,73,,75.6,59,,40.2,69,,73.5,44,,47.4,46,,67.8,40,
1334008800,33 ,33.4,62,51 ,47.3,33,30 ,30,48,55 ,57.2,29,31 ,29.5,53,58 ,65.5,29,42 ,41.9,60,61 ,64.3,39,51 ,51.1,58,,66.4,48,,58.9,77,,75.6,58,,40.2,65,,73.5,33,
1333922400,42 ,41.8,67,62 ,62.6,44,32 ,33.4,62,48 ,47.3,36,31 ,30,48,53 ,57.2,30,33 ,29.5,55,56 ,65.5,29,40 ,41.9,61,,64.3,40,,51.1,58,,66.4,52,,58.9,69,,75.6,62,
1333836000,42 ,41.6,68,63 ,67.4,43,40 ,41.8,62,58 ,62.6,43,33 ,33.4,59,48 ,47.3,34,33 ,30,47,53 ,57.2,30,34 ,29.5,51,,65.5,28,,41.9,57,,64.3,37,,51.1,57,,66.4,45,
1333735200,37 ,33.8,59,64 ,68.1,35,40 ,41.6,69,64 ,67.4,40,42 ,41.8,63,56 ,62.6,42,35 ,33.4,54,50 ,47.3,36,33 ,30,52,,57.2,31,,29.5,57,,65.5,35,,41.9,58,,64.3,40,
1333663200,31 ,33.8,52,57 ,58.3,32,34 ,33.8,59,66 ,68.1,34,45 ,41.6,68,64 ,67.4,42,41 ,41.8,62,54 ,62.6,41,36 ,33.4,56,,47.3,34,,30,47,,57.2,30,,29.5,53,,65.5,29,
1333576800,38 ,39.3,62,53 ,53.2,40,30 ,33.8,60,56 ,58.3,37,34 ,33.8,61,65 ,68.1,35,46 ,41.6,68,62 ,67.4,48,42 ,41.8,62,,62.6,39,,33.4,53,,47.3,34,,30,47,,57.2,29,
1333490400,43 ,46.1,77,58 ,61.6,54,37 ,39.3,69,52 ,53.2,46,33 ,33.8,57,57 ,58.3,34,39 ,33.8,60,65 ,68.1,36,45 ,41.6,66,,67.4,43,,41.8,61,,62.6,39,,33.4,51,,47.3,31,
1333404000,52 ,51.4,68,78 ,77.6,49,42 ,46.1,80,59 ,61.6,43,39 ,39.3,62,52 ,53.2,41,36 ,33.8,57,58 ,58.3,34,40 ,33.8,60,,68.1,35,,41.6,68,,67.4,47,,41.8,66,,62.6,43,
1333303200,66 ,44.8,64,49 ,67.8,48,70 ,51.4,72,58 ,77.6,50,65 ,46.1,69,43 ,61.6,40,60 ,39.3,61,41 ,53.2,39,57 ,33.8,55,,58.3,32,,33.8,59,,68.1,33,,41.6,66,,67.4,41,
1333216800,48 ,50.4,58,72 ,46,44,52 ,44.8,71,78 ,67.8,44,57 ,51.4,74,65 ,77.6,50,43 ,46.1,61,60 ,61.6,41,41 ,39.3,64,,53.2,46,,33.8,54,,58.3,39,,33.8,60,,68.1,39,
1333166400,37 ,40.3,34,62 ,38,62,51 ,50.4,42,76 ,46,77,56 ,44.8,50,77 ,67.8,63,55 ,51.4,49,65 ,77.6,61,42 ,46.1,41,,61.6,61,,39.3,42,,53.2,59,,33.8,35,,58.3,,
